#--------------------------- (2018-09-07 09:40:07) ----------------------------#

[Service]
'updima' start at 09:40:07.010

[Input Message]
<<< Field name="signin" >>>
<signIn><Account userId="tiptop" password="tiptop"/><Connection systemId="MDM" from="192.168.10.208" organization="DS2"/></signIn>

<<< Field name="code" >>>
ds2



[Service]
'updima' stop at 09:40:07.093

[Output Message]
<<< Field name="status" >>>
<Status>
  <Result code="0" sqlcode="" description="" />
</Status>



#------------------------------------------------------------------------------#


#--------------------------- (2018-09-07 09:43:27) ----------------------------#

[Service]
'updima' start at 09:43:27.508

[Input Message]
<<< Field name="signin" >>>
<signIn><Account userId="tiptop" password="tiptop"/><Connection systemId="MDM" from="192.168.10.208" organization="DS2"/></signIn>

<<< Field name="code" >>>
ds2



[Service]
'updima' stop at 09:43:27.570

[Output Message]
<<< Field name="status" >>>
<Status>
  <Result code="0" sqlcode="" description="" />
</Status>



#------------------------------------------------------------------------------#


#--------------------------- (2018-09-07 09:46:42) ----------------------------#

[Service]
'updima' start at 09:46:42.677

[Input Message]
<<< Field name="signin" >>>
<signIn><Account userId="tiptop" password="tiptop"/><Connection systemId="MDM" from="192.168.10.208" organization="DS2"/></signIn>

<<< Field name="code" >>>
ds2



[Service]
'updima' stop at 09:46:42.757

[Output Message]
<<< Field name="status" >>>
<Status>
  <Result code="0" sqlcode="" description="" />
</Status>



#------------------------------------------------------------------------------#


#--------------------------- (2018-09-07 09:49:23) ----------------------------#

[Service]
'updima' start at 09:49:23.675

[Input Message]
<<< Field name="signin" >>>
<signIn><Account userId="tiptop" password="tiptop"/><Connection systemId="MDM" from="192.168.10.208" organization="DS2"/></signIn>

<<< Field name="code" >>>
ds2



[Service]
'updima' stop at 09:49:23.747

[Output Message]
<<< Field name="status" >>>
<Status>
  <Result code="0" sqlcode="" description="" />
</Status>



#------------------------------------------------------------------------------#


#--------------------------- (2018-09-07 09:52:28) ----------------------------#

[Service]
'chkpmc' start at 09:52:28.148

[Input Message]
<<< Field name="signin" >>>
<SignIn><Account userId="tiptop" password="tiptop2016"/><Connection systemId="OA" from="192.168.10.113" organization="DS2"/></SignIn>

<<< Field name="pmc01" >>>
CS20180651

<<< Field name="type" >>>
0



[Service]
'chkpmc' stop at 09:52:28.444

[Output Message]
<<< Field name="status" >>>
<Status>
  <Result code="0" sqlcode="" description="" />
</Status>

<<< Field name="msg" >>>




#------------------------------------------------------------------------------#


#--------------------------- (2018-09-07 10:18:29) ----------------------------#

[Service]
'setimaf' start at 10:18:29.844

[Input Message]
<<< Field name="signin" >>>
<signIn><Account userId="tiptop" password="tiptop"/><Connection systemId="MDM" from="192.168.10.208" organization="DS2"/></signIn>

<<< Field name="dbs" >>>
ds2



[Service]
'setimaf' stop at 10:18:29.998

[Output Message]
<<< Field name="status" >>>
<Status>
  <Result code="0" sqlcode="" description="" />
</Status>

<<< Field name="msg" >>>




#------------------------------------------------------------------------------#


#--------------------------- (2018-09-07 10:18:31) ----------------------------#

[Service]
'setimaf' start at 10:18:31.694

[Input Message]
<<< Field name="signin" >>>
<signIn><Account userId="tiptop" password="tiptop"/><Connection systemId="MDM" from="192.168.10.208" organization="DS2"/></signIn>

<<< Field name="dbs" >>>
ds2



[Service]
'setimaf' stop at 10:18:31.814

[Output Message]
<<< Field name="status" >>>
<Status>
  <Result code="0" sqlcode="" description="" />
</Status>

<<< Field name="msg" >>>




#------------------------------------------------------------------------------#


#--------------------------- (2018-09-07 10:18:33) ----------------------------#

[Service]
'setimaf' start at 10:18:33.277

[Input Message]
<<< Field name="signin" >>>
<signIn><Account userId="tiptop" password="tiptop"/><Connection systemId="MDM" from="192.168.10.208" organization="DS2"/></signIn>

<<< Field name="dbs" >>>
ds2



[Service]
'setimaf' stop at 10:18:33.358

[Output Message]
<<< Field name="status" >>>
<Status>
  <Result code="0" sqlcode="" description="" />
</Status>

<<< Field name="msg" >>>




#------------------------------------------------------------------------------#


#--------------------------- (2018-09-07 10:52:25) ----------------------------#

[Service]
'setimaf' start at 10:52:25.394

[Input Message]
<<< Field name="signin" >>>
<signIn><Account userId="tiptop" password="tiptop"/><Connection systemId="MDM" from="192.168.10.208" organization="DS2"/></signIn>

<<< Field name="dbs" >>>
ds2



[Service]
'setimaf' stop at 10:52:25.490

[Output Message]
<<< Field name="status" >>>
<Status>
  <Result code="0" sqlcode="" description="" />
</Status>

<<< Field name="msg" >>>




#------------------------------------------------------------------------------#


#--------------------------- (2018-09-07 10:53:39) ----------------------------#

[Service]
'setimaf' start at 10:53:39.273

[Input Message]
<<< Field name="signin" >>>
<signIn><Account userId="tiptop" password="tiptop"/><Connection systemId="MDM" from="192.168.10.208" organization="DS2"/></signIn>

<<< Field name="dbs" >>>
ds2



[Service]
'setimaf' stop at 10:53:39.387

[Output Message]
<<< Field name="status" >>>
<Status>
  <Result code="0" sqlcode="" description="" />
</Status>

<<< Field name="msg" >>>




#------------------------------------------------------------------------------#


#--------------------------- (2018-09-07 10:54:39) ----------------------------#

[Service]
'setimaf' start at 10:54:39.827

[Input Message]
<<< Field name="signin" >>>
<signIn><Account userId="tiptop" password="tiptop"/><Connection systemId="MDM" from="192.168.10.208" organization="DS2"/></signIn>

<<< Field name="dbs" >>>
ds2



[Service]
'setimaf' stop at 10:54:39.937

[Output Message]
<<< Field name="status" >>>
<Status>
  <Result code="0" sqlcode="" description="" />
</Status>

<<< Field name="msg" >>>




#------------------------------------------------------------------------------#


#--------------------------- (2018-09-07 10:55:45) ----------------------------#

[Service]
'setimaf' start at 10:55:45.520

[Input Message]
<<< Field name="signin" >>>
<signIn><Account userId="tiptop" password="tiptop"/><Connection systemId="MDM" from="192.168.10.208" organization="DS2"/></signIn>

<<< Field name="dbs" >>>
ds2



[Service]
'setimaf' stop at 10:55:45.628

[Output Message]
<<< Field name="status" >>>
<Status>
  <Result code="0" sqlcode="" description="" />
</Status>

<<< Field name="msg" >>>




#------------------------------------------------------------------------------#


#--------------------------- (2018-09-07 10:56:29) ----------------------------#

[Service]
'setimaf' start at 10:56:29.796

[Input Message]
<<< Field name="signin" >>>
<signIn><Account userId="tiptop" password="tiptop"/><Connection systemId="MDM" from="192.168.10.208" organization="DS2"/></signIn>

<<< Field name="dbs" >>>
ds2



[Service]
'setimaf' stop at 10:56:29.894

[Output Message]
<<< Field name="status" >>>
<Status>
  <Result code="0" sqlcode="" description="" />
</Status>

<<< Field name="msg" >>>




#------------------------------------------------------------------------------#


#--------------------------- (2018-09-07 10:57:13) ----------------------------#

[Service]
'setimaf' start at 10:57:13.134

[Input Message]
<<< Field name="signin" >>>
<signIn><Account userId="tiptop" password="tiptop"/><Connection systemId="MDM" from="192.168.10.208" organization="DS2"/></signIn>

<<< Field name="dbs" >>>
ds2



[Service]
'setimaf' stop at 10:57:13.251

[Output Message]
<<< Field name="status" >>>
<Status>
  <Result code="0" sqlcode="" description="" />
</Status>

<<< Field name="msg" >>>




#------------------------------------------------------------------------------#


#--------------------------- (2018-09-07 11:06:25) ----------------------------#

[Service]
'setimaf' start at 11:06:25.499

[Input Message]
<<< Field name="signin" >>>
<signIn><Account userId="tiptop" password="tiptop"/><Connection systemId="MDM" from="192.168.10.208" organization="DS2"/></signIn>

<<< Field name="dbs" >>>
ds2



[Service]
'setimaf' stop at 11:06:25.599

[Output Message]
<<< Field name="status" >>>
<Status>
  <Result code="0" sqlcode="" description="" />
</Status>

<<< Field name="msg" >>>




#------------------------------------------------------------------------------#


#--------------------------- (2018-09-07 11:16:46) ----------------------------#

[Service]
'setimaf' start at 11:16:46.828

[Input Message]
<<< Field name="signin" >>>
<signIn><Account userId="tiptop" password="tiptop"/><Connection systemId="MDM" from="192.168.10.208" organization="DS2"/></signIn>

<<< Field name="dbs" >>>
ds2



[Service]
'setimaf' stop at 11:16:46.932

[Output Message]
<<< Field name="status" >>>
<Status>
  <Result code="0" sqlcode="" description="" />
</Status>

<<< Field name="msg" >>>




#------------------------------------------------------------------------------#


#--------------------------- (2018-09-07 11:17:31) ----------------------------#

[Service]
'setimaf' start at 11:17:31.239

[Input Message]
<<< Field name="signin" >>>
<signIn><Account userId="tiptop" password="tiptop"/><Connection systemId="MDM" from="192.168.10.208" organization="DS2"/></signIn>

<<< Field name="dbs" >>>
ds2



[Service]
'setimaf' stop at 11:17:31.332

[Output Message]
<<< Field name="status" >>>
<Status>
  <Result code="0" sqlcode="" description="" />
</Status>

<<< Field name="msg" >>>




#------------------------------------------------------------------------------#


#--------------------------- (2018-09-07 11:18:44) ----------------------------#

[Service]
'setimaf' start at 11:18:44.950

[Input Message]
<<< Field name="signin" >>>
<signIn><Account userId="tiptop" password="tiptop"/><Connection systemId="MDM" from="192.168.10.208" organization="DS2"/></signIn>

<<< Field name="dbs" >>>
ds2



[Service]
'setimaf' stop at 11:18:45.053

[Output Message]
<<< Field name="status" >>>
<Status>
  <Result code="0" sqlcode="" description="" />
</Status>

<<< Field name="msg" >>>




#------------------------------------------------------------------------------#


#--------------------------- (2018-09-07 11:19:20) ----------------------------#

[Service]
'setimaf' start at 11:19:20.076

[Input Message]
<<< Field name="signin" >>>
<signIn><Account userId="tiptop" password="tiptop"/><Connection systemId="MDM" from="192.168.10.208" organization="DS2"/></signIn>

<<< Field name="dbs" >>>
ds2



[Service]
'setimaf' stop at 11:19:20.165

[Output Message]
<<< Field name="status" >>>
<Status>
  <Result code="0" sqlcode="" description="" />
</Status>

<<< Field name="msg" >>>




#------------------------------------------------------------------------------#


#--------------------------- (2018-09-07 12:33:49) ----------------------------#

[Service]
'updima' start at 12:33:49.448

[Input Message]
<<< Field name="signin" >>>
<signIn><Account userId="tiptop" password="tiptop"/><Connection systemId="MDM" from="192.168.10.208" organization="DS2"/></signIn>

<<< Field name="code" >>>
ds2



[Service]
'updima' stop at 12:33:49.516

[Output Message]
<<< Field name="status" >>>
<Status>
  <Result code="0" sqlcode="" description="" />
</Status>



#------------------------------------------------------------------------------#


#--------------------------- (2018-09-07 12:49:22) ----------------------------#

[Service]
'updima' start at 12:49:22.443

[Input Message]
<<< Field name="signin" >>>
<signIn><Account userId="tiptop" password="tiptop"/><Connection systemId="MDM" from="192.168.10.208" organization="DS2"/></signIn>

<<< Field name="code" >>>
ds2



[Service]
'updima' stop at 12:49:22.506

[Output Message]
<<< Field name="status" >>>
<Status>
  <Result code="0" sqlcode="" description="" />
</Status>



#------------------------------------------------------------------------------#


#--------------------------- (2018-09-07 12:49:26) ----------------------------#

[Service]
'updima' start at 12:49:26.185

[Input Message]
<<< Field name="signin" >>>
<signIn><Account userId="tiptop" password="tiptop"/><Connection systemId="MDM" from="192.168.10.208" organization="DS2"/></signIn>

<<< Field name="code" >>>
ds2



[Service]
'updima' stop at 12:49:26.241

[Output Message]
<<< Field name="status" >>>
<Status>
  <Result code="0" sqlcode="" description="" />
</Status>



#------------------------------------------------------------------------------#


#--------------------------- (2018-09-07 12:49:29) ----------------------------#

[Service]
'updima' start at 12:49:29.788

[Input Message]
<<< Field name="signin" >>>
<signIn><Account userId="tiptop" password="tiptop"/><Connection systemId="MDM" from="192.168.10.208" organization="DS2"/></signIn>

<<< Field name="code" >>>
ds2



[Service]
'updima' stop at 12:49:29.844

[Output Message]
<<< Field name="status" >>>
<Status>
  <Result code="0" sqlcode="" description="" />
</Status>



#------------------------------------------------------------------------------#


#--------------------------- (2018-09-07 12:56:13) ----------------------------#

[Service]
'updima' start at 12:56:13.557

[Input Message]
<<< Field name="signin" >>>
<signIn><Account userId="tiptop" password="tiptop"/><Connection systemId="MDM" from="192.168.10.208" organization="DS2"/></signIn>

<<< Field name="code" >>>
ds2



[Service]
'updima' stop at 12:56:13.631

[Output Message]
<<< Field name="status" >>>
<Status>
  <Result code="0" sqlcode="" description="" />
</Status>



#------------------------------------------------------------------------------#


#--------------------------- (2018-09-07 12:59:35) ----------------------------#

[Service]
'updima' start at 12:59:35.807

[Input Message]
<<< Field name="signin" >>>
<signIn><Account userId="tiptop" password="tiptop"/><Connection systemId="MDM" from="192.168.10.208" organization="DS2"/></signIn>

<<< Field name="code" >>>
ds2



[Service]
'updima' stop at 12:59:35.874

[Output Message]
<<< Field name="status" >>>
<Status>
  <Result code="0" sqlcode="" description="" />
</Status>



#------------------------------------------------------------------------------#


#--------------------------- (2018-09-07 12:59:43) ----------------------------#

[Service]
'updima' start at 12:59:43.802

[Input Message]
<<< Field name="signin" >>>
<signIn><Account userId="tiptop" password="tiptop"/><Connection systemId="MDM" from="192.168.10.208" organization="DS2"/></signIn>

<<< Field name="code" >>>
ds2



[Service]
'updima' stop at 12:59:43.856

[Output Message]
<<< Field name="status" >>>
<Status>
  <Result code="0" sqlcode="" description="" />
</Status>



#------------------------------------------------------------------------------#


#--------------------------- (2018-09-07 13:09:17) ----------------------------#

[Service]
'updima' start at 13:09:17.147

[Input Message]
<<< Field name="signin" >>>
<signIn><Account userId="tiptop" password="tiptop"/><Connection systemId="MDM" from="192.168.10.208" organization="DS2"/></signIn>

<<< Field name="code" >>>
ds2



[Service]
'updima' stop at 13:09:17.223

[Output Message]
<<< Field name="status" >>>
<Status>
  <Result code="0" sqlcode="" description="" />
</Status>



#------------------------------------------------------------------------------#


#--------------------------- (2018-09-07 13:09:21) ----------------------------#

[Service]
'updima' start at 13:09:21.201

[Input Message]
<<< Field name="signin" >>>
<signIn><Account userId="tiptop" password="tiptop"/><Connection systemId="MDM" from="192.168.10.208" organization="DS2"/></signIn>

<<< Field name="code" >>>
ds2



[Service]
'updima' stop at 13:09:21.266

[Output Message]
<<< Field name="status" >>>
<Status>
  <Result code="0" sqlcode="" description="" />
</Status>



#------------------------------------------------------------------------------#


#--------------------------- (2018-09-07 13:09:25) ----------------------------#

[Service]
'updima' start at 13:09:25.394

[Input Message]
<<< Field name="signin" >>>
<signIn><Account userId="tiptop" password="tiptop"/><Connection systemId="MDM" from="192.168.10.208" organization="DS2"/></signIn>

<<< Field name="code" >>>
ds2



[Service]
'updima' stop at 13:09:25.454

[Output Message]
<<< Field name="status" >>>
<Status>
  <Result code="0" sqlcode="" description="" />
</Status>



#------------------------------------------------------------------------------#


#--------------------------- (2018-09-07 13:11:47) ----------------------------#

[Service]
'updima' start at 13:11:47.969

[Input Message]
<<< Field name="signin" >>>
<signIn><Account userId="tiptop" password="tiptop"/><Connection systemId="MDM" from="192.168.10.208" organization="DS2"/></signIn>

<<< Field name="code" >>>
ds2



[Service]
'updima' stop at 13:11:48.037

[Output Message]
<<< Field name="status" >>>
<Status>
  <Result code="0" sqlcode="" description="" />
</Status>



#------------------------------------------------------------------------------#


#--------------------------- (2018-09-07 13:20:50) ----------------------------#

[Service]
'setimaf' start at 13:20:50.807

[Input Message]
<<< Field name="signin" >>>
<signIn><Account userId="tiptop" password="tiptop"/><Connection systemId="MDM" from="192.168.10.208" organization="DS2"/></signIn>

<<< Field name="dbs" >>>
ds2



[Service]
'setimaf' stop at 13:20:50.899

[Output Message]
<<< Field name="status" >>>
<Status>
  <Result code="0" sqlcode="" description="" />
</Status>

<<< Field name="msg" >>>




#------------------------------------------------------------------------------#


#--------------------------- (2018-09-07 13:20:56) ----------------------------#

[Service]
'updima' start at 13:20:56.392

[Input Message]
<<< Field name="signin" >>>
<signIn><Account userId="tiptop" password="tiptop"/><Connection systemId="MDM" from="192.168.10.208" organization="DS2"/></signIn>

<<< Field name="code" >>>
ds2



[Service]
'updima' stop at 13:20:56.448

[Output Message]
<<< Field name="status" >>>
<Status>
  <Result code="0" sqlcode="" description="" />
</Status>



#------------------------------------------------------------------------------#


#--------------------------- (2018-09-07 13:21:01) ----------------------------#

[Service]
'updima' start at 13:21:01.732

[Input Message]
<<< Field name="signin" >>>
<signIn><Account userId="tiptop" password="tiptop"/><Connection systemId="MDM" from="192.168.10.208" organization="DS2"/></signIn>

<<< Field name="code" >>>
ds2



[Service]
'updima' stop at 13:21:01.782

[Output Message]
<<< Field name="status" >>>
<Status>
  <Result code="0" sqlcode="" description="" />
</Status>



#------------------------------------------------------------------------------#


#--------------------------- (2018-09-07 13:21:10) ----------------------------#

[Service]
'updima' start at 13:21:10.850

[Input Message]
<<< Field name="signin" >>>
<signIn><Account userId="tiptop" password="tiptop"/><Connection systemId="MDM" from="192.168.10.208" organization="DS2"/></signIn>

<<< Field name="code" >>>
ds2



[Service]
'updima' stop at 13:21:10.911

[Output Message]
<<< Field name="status" >>>
<Status>
  <Result code="0" sqlcode="" description="" />
</Status>



#------------------------------------------------------------------------------#


#--------------------------- (2018-09-07 13:32:04) ----------------------------#

[Service]
'setimaf' start at 13:32:04.589

[Input Message]
<<< Field name="signin" >>>
<signIn><Account userId="tiptop" password="tiptop"/><Connection systemId="MDM" from="192.168.10.208" organization="DS2"/></signIn>

<<< Field name="dbs" >>>
ds2



[Service]
'setimaf' stop at 13:32:04.684

[Output Message]
<<< Field name="status" >>>
<Status>
  <Result code="0" sqlcode="" description="" />
</Status>

<<< Field name="msg" >>>




#------------------------------------------------------------------------------#


#--------------------------- (2018-09-07 14:05:36) ----------------------------#

[Service]
'updima' start at 14:05:36.265

[Input Message]
<<< Field name="signin" >>>
<signIn><Account userId="tiptop" password="tiptop"/><Connection systemId="MDM" from="192.168.10.208" organization="DS2"/></signIn>

<<< Field name="code" >>>
ds2



[Service]
'updima' stop at 14:05:36.338

[Output Message]
<<< Field name="status" >>>
<Status>
  <Result code="0" sqlcode="" description="" />
</Status>



#------------------------------------------------------------------------------#


#--------------------------- (2018-09-07 14:10:25) ----------------------------#

[Service]
'updima' start at 14:10:25.011

[Input Message]
<<< Field name="signin" >>>
<signIn><Account userId="tiptop" password="tiptop"/><Connection systemId="MDM" from="192.168.10.208" organization="DS2"/></signIn>

<<< Field name="code" >>>
ds2



[Service]
'updima' stop at 14:10:25.081

[Output Message]
<<< Field name="status" >>>
<Status>
  <Result code="0" sqlcode="" description="" />
</Status>



#------------------------------------------------------------------------------#


#--------------------------- (2018-09-07 14:13:38) ----------------------------#

[Service]
'updima' start at 14:13:38.123

[Input Message]
<<< Field name="signin" >>>
<signIn><Account userId="tiptop" password="tiptop"/><Connection systemId="MDM" from="192.168.10.208" organization="DS2"/></signIn>

<<< Field name="code" >>>
ds2



[Service]
'updima' stop at 14:13:38.182

[Output Message]
<<< Field name="status" >>>
<Status>
  <Result code="0" sqlcode="" description="" />
</Status>



#------------------------------------------------------------------------------#


#--------------------------- (2018-09-07 14:15:30) ----------------------------#

[Service]
'updima' start at 14:15:30.438

[Input Message]
<<< Field name="signin" >>>
<signIn><Account userId="tiptop" password="tiptop"/><Connection systemId="MDM" from="192.168.10.208" organization="DS2"/></signIn>

<<< Field name="code" >>>
ds2



[Service]
'updima' stop at 14:15:30.507

[Output Message]
<<< Field name="status" >>>
<Status>
  <Result code="0" sqlcode="" description="" />
</Status>



#------------------------------------------------------------------------------#


#--------------------------- (2018-09-07 14:17:58) ----------------------------#

[Service]
'updima' start at 14:17:58.382

[Input Message]
<<< Field name="signin" >>>
<signIn><Account userId="tiptop" password="tiptop"/><Connection systemId="MDM" from="192.168.10.208" organization="DS2"/></signIn>

<<< Field name="code" >>>
ds2



[Service]
'updima' stop at 14:17:58.448

[Output Message]
<<< Field name="status" >>>
<Status>
  <Result code="0" sqlcode="" description="" />
</Status>



#------------------------------------------------------------------------------#


#--------------------------- (2018-09-07 14:18:23) ----------------------------#

[Service]
'updima' start at 14:18:23.657

[Input Message]
<<< Field name="signin" >>>
<signIn><Account userId="tiptop" password="tiptop"/><Connection systemId="MDM" from="192.168.10.208" organization="DS2"/></signIn>

<<< Field name="code" >>>
ds2



[Service]
'updima' stop at 14:18:23.729

[Output Message]
<<< Field name="status" >>>
<Status>
  <Result code="0" sqlcode="" description="" />
</Status>



#------------------------------------------------------------------------------#


#--------------------------- (2018-09-07 14:20:41) ----------------------------#

[Service]
'setimaf' start at 14:20:41.253

[Input Message]
<<< Field name="signin" >>>
<signIn><Account userId="tiptop" password="tiptop"/><Connection systemId="MDM" from="192.168.10.208" organization="DS2"/></signIn>

<<< Field name="dbs" >>>
ds2



[Service]
'setimaf' stop at 14:20:41.359

[Output Message]
<<< Field name="status" >>>
<Status>
  <Result code="0" sqlcode="" description="" />
</Status>

<<< Field name="msg" >>>




#------------------------------------------------------------------------------#


#--------------------------- (2018-09-07 14:20:56) ----------------------------#

[Service]
'updima' start at 14:20:56.489

[Input Message]
<<< Field name="signin" >>>
<signIn><Account userId="tiptop" password="tiptop"/><Connection systemId="MDM" from="192.168.10.208" organization="DS2"/></signIn>

<<< Field name="code" >>>
ds2



[Service]
'updima' stop at 14:20:56.562

[Output Message]
<<< Field name="status" >>>
<Status>
  <Result code="0" sqlcode="" description="" />
</Status>



#------------------------------------------------------------------------------#


#--------------------------- (2018-09-07 14:22:28) ----------------------------#

[Service]
'setimaf' start at 14:22:28.194

[Input Message]
<<< Field name="signin" >>>
<signIn><Account userId="tiptop" password="tiptop"/><Connection systemId="MDM" from="192.168.10.208" organization="DS2"/></signIn>

<<< Field name="dbs" >>>
ds2



[Service]
'setimaf' stop at 14:22:28.296

[Output Message]
<<< Field name="status" >>>
<Status>
  <Result code="0" sqlcode="" description="" />
</Status>

<<< Field name="msg" >>>




#------------------------------------------------------------------------------#


#--------------------------- (2018-09-07 14:23:22) ----------------------------#

[Service]
'updima' start at 14:23:22.207

[Input Message]
<<< Field name="signin" >>>
<signIn><Account userId="tiptop" password="tiptop"/><Connection systemId="MDM" from="192.168.10.208" organization="DS2"/></signIn>

<<< Field name="code" >>>
ds2



[Service]
'updima' stop at 14:23:22.274

[Output Message]
<<< Field name="status" >>>
<Status>
  <Result code="0" sqlcode="" description="" />
</Status>



#------------------------------------------------------------------------------#


#--------------------------- (2018-09-07 14:23:55) ----------------------------#

[Service]
'setimaf' start at 14:23:55.795

[Input Message]
<<< Field name="signin" >>>
<signIn><Account userId="tiptop" password="tiptop"/><Connection systemId="MDM" from="192.168.10.208" organization="DS2"/></signIn>

<<< Field name="dbs" >>>
ds2



[Service]
'setimaf' stop at 14:23:55.878

[Output Message]
<<< Field name="status" >>>
<Status>
  <Result code="0" sqlcode="" description="" />
</Status>

<<< Field name="msg" >>>




#------------------------------------------------------------------------------#


#--------------------------- (2018-09-07 14:25:25) ----------------------------#

[Service]
'setimaf' start at 14:25:25.314

[Input Message]
<<< Field name="signin" >>>
<signIn><Account userId="tiptop" password="tiptop"/><Connection systemId="MDM" from="192.168.10.208" organization="DS2"/></signIn>

<<< Field name="dbs" >>>
ds2



[Service]
'setimaf' stop at 14:25:25.412

[Output Message]
<<< Field name="status" >>>
<Status>
  <Result code="0" sqlcode="" description="" />
</Status>

<<< Field name="msg" >>>




#------------------------------------------------------------------------------#


#--------------------------- (2018-09-07 14:26:34) ----------------------------#

[Service]
'updima' start at 14:26:34.883

[Input Message]
<<< Field name="signin" >>>
<signIn><Account userId="tiptop" password="tiptop"/><Connection systemId="MDM" from="192.168.10.208" organization="DS2"/></signIn>

<<< Field name="code" >>>
ds2



[Service]
'updima' stop at 14:26:34.951

[Output Message]
<<< Field name="status" >>>
<Status>
  <Result code="0" sqlcode="" description="" />
</Status>



#------------------------------------------------------------------------------#


#--------------------------- (2018-09-07 14:28:55) ----------------------------#

[Service]
'setimaf' start at 14:28:55.135

[Input Message]
<<< Field name="signin" >>>
<signIn><Account userId="tiptop" password="tiptop"/><Connection systemId="MDM" from="192.168.10.208" organization="DS2"/></signIn>

<<< Field name="dbs" >>>
ds2



[Service]
'setimaf' stop at 14:28:55.213

[Output Message]
<<< Field name="status" >>>
<Status>
  <Result code="0" sqlcode="" description="" />
</Status>

<<< Field name="msg" >>>




#------------------------------------------------------------------------------#


#--------------------------- (2018-09-07 14:30:51) ----------------------------#

[Service]
'setimaf' start at 14:30:51.371

[Input Message]
<<< Field name="signin" >>>
<signIn><Account userId="tiptop" password="tiptop"/><Connection systemId="MDM" from="192.168.10.208" organization="DS2"/></signIn>

<<< Field name="dbs" >>>
ds2



[Service]
'setimaf' stop at 14:30:51.465

[Output Message]
<<< Field name="status" >>>
<Status>
  <Result code="0" sqlcode="" description="" />
</Status>

<<< Field name="msg" >>>




#------------------------------------------------------------------------------#


#--------------------------- (2018-09-07 14:33:51) ----------------------------#

[Service]
'setimaf' start at 14:33:51.132

[Input Message]
<<< Field name="signin" >>>
<signIn><Account userId="tiptop" password="tiptop"/><Connection systemId="MDM" from="192.168.10.208" organization="DS2"/></signIn>

<<< Field name="dbs" >>>
ds2



[Service]
'setimaf' stop at 14:33:51.207

[Output Message]
<<< Field name="status" >>>
<Status>
  <Result code="0" sqlcode="" description="" />
</Status>

<<< Field name="msg" >>>




#------------------------------------------------------------------------------#


#--------------------------- (2018-09-07 14:34:03) ----------------------------#

[Service]
'setimaf' start at 14:34:03.373

[Input Message]
<<< Field name="signin" >>>
<signIn><Account userId="tiptop" password="tiptop"/><Connection systemId="MDM" from="192.168.10.208" organization="DS2"/></signIn>

<<< Field name="dbs" >>>
ds2



[Service]
'setimaf' stop at 14:34:03.469

[Output Message]
<<< Field name="status" >>>
<Status>
  <Result code="0" sqlcode="" description="" />
</Status>

<<< Field name="msg" >>>




#------------------------------------------------------------------------------#


#--------------------------- (2018-09-07 14:34:15) ----------------------------#

[Service]
'setimaf' start at 14:34:15.237

[Input Message]
<<< Field name="signin" >>>
<signIn><Account userId="tiptop" password="tiptop"/><Connection systemId="MDM" from="192.168.10.208" organization="DS2"/></signIn>

<<< Field name="dbs" >>>
ds2



[Service]
'setimaf' stop at 14:34:15.339

[Output Message]
<<< Field name="status" >>>
<Status>
  <Result code="0" sqlcode="" description="" />
</Status>

<<< Field name="msg" >>>




#------------------------------------------------------------------------------#


