#--------------------------- (2017-11-01 09:21:19) ------------------------#

Begin Time at 09:21:15.754

 end at 09:21:19.264

time-consuming:  request:   0.252 BPM response:   0:00:03.510   apmt500   005-PMB0-171000023
Program: apmt500

Code: apmt500

Request XML:

<request type="sync" key="367d2c8a957c3aa9394e84b977795cfc">
  <host prod="T100" ver="1.0" ip="192.168.10.7" id="topprd" lang="zh_TW" timezone="+8" timestamp="20171101092114990" acct="17010592"/>
  <service prod="BPM" name="ProcessCreate" srvver="" ip="192.168.10.8" id=""/>
  <datakey type="FOM">
    <key name="EntId">9</key>
    <key name="CompanyId">SX05</key>
    <key name="RefId">TW</key>
    <key name="DocProp">apmt500</key>
    <key name="Prog">apmt500</key>
    <key name="FormId">PMB0</key>
    <key name="SheetNo">005-PMB0-171000023</key>
    <key name="PK3"></key>
    <key name="DocKey">pmdlent=9{+}pmdldocno=005-PMB0-171000023</key>
  </datakey>
  <payload>
    <param key="data" type="XML">
      <![CDATA[
<Request>
  <RequestContent>
    <Parameter>
      <Record>
        <Field name="workItem" value=""/>
        <Field name="ori_processSN" value=""/>
        <Field name="flow_processId" value="ALL_apmt500_PMB0"/>
        <Field name="subject" value=""/>
        <Field name="importance" value="0"/>
        <Field name="EFLoginID" value="17010592"/>
        <Field name="OrgUnitID" value="I211607"/>
        <Field name="formOwnerID" value="17010592"/>
        <Field name="formOwnerDP" value="I211607"/>
        <Field name="formCreatorID" value="17010592"/>
        <Field name="formCreatorDP" value="I211607"/>
        <Field name="prog_url" value="http://192.168.10.7/wtopprd/wa/r/app/gwc_apmt500?Arg=T100Trust&amp;Arg=SSOKey&amp;Arg=005-PMB0-171000023"/>
        <Field name="att_url" value="http://192.168.10.7/wtopprd/wa/r/app/gwc_awsp001?Arg=T100Trust&amp;Arg=SSOKey"/>
      </Record>
    </Parameter>
    <Document>
      <RecordSet id="1">
        <Master name="1" node_id="1">
          <Record>
            <Field name="pmdlcomp" value="SX05"/>
            <Field name="pmdlcomp_desc" value="台灣士興"/>
            <Field name="pmdldocno" value="005-PMB0-171000023"/>
            <Field name="pmdl001" value="0"/>
            <Field name="pmdldocno_desc" value="OA送簽採購單"/>
            <Field name="pmdldocdt" value="2017-10-30"/>
            <Field name="pmdl004" value="G000231"/>
            <Field name="pmdl004_desc" value="霆鋒實業"/>
            <Field name="pmdl002" value="17010592"/>
            <Field name="pmdl002_desc" value="沈静怡"/>
            <Field name="pmdl003" value="I211607"/>
            <Field name="pmdl003_desc" value="生計中心-採購課"/>
            <Field name="pmdlsite" value="SX05"/>
            <Field name="pmdl005" value="1:一般採購"/>
            <Field name="pmdl006" value="1:一般交易"/>
            <Field name="pmdl007" value="1:無"/>
            <Field name="pmdl008" value=""/>
            <Field name="pmdl027" value=""/>
            <Field name="pmdl027_desc" value=""/>
            <Field name="pmdl052" value=""/>
            <Field name="pmdl052_desc" value=""/>
            <Field name="pmdl053" value=""/>
            <Field name="pmdl009" value="22603"/>
            <Field name="pmdl009_desc" value="月結60日票據"/>
            <Field name="pmdl010" value="EXW1"/>
            <Field name="pmdl010_desc" value="買方工廠交貨"/>
            <Field name="pmdl011" value="003"/>
            <Field name="pmdl011_desc" value="營業稅5未稅"/>
            <Field name="pmdl012" value="5.00%"/>
            <Field name="pmdl013" value="N"/>
            <Field name="pmdl033" value="11"/>
            <Field name="pmdl033_desc" value="臺灣用-進項三聯式,、電子計算機統一發票"/>
            <Field name="pmdl015" value="TWD"/>
            <Field name="pmdl015_desc" value="新台幣"/>
            <Field name="pmdl016" value="1.000000"/>
            <Field name="pmdl017" value="SX01"/>
            <Field name="pmdl017_desc" value="採購核價"/>
            <Field name="pmdl018" value=""/>
            <Field name="pmdl018_desc" value=""/>
            <Field name="pmdl023" value="11"/>
            <Field name="pmdl023_desc" value=""/>
            <Field name="pmdl044" value="05-I21-2017025設計部研發(2017年度)"/>
            <Field name="pmdl051" value=""/>
            <Field name="pmdl051_desc" value=""/>
            <Field name="pmdl020" value=""/>
            <Field name="pmdl020_desc" value=""/>
            <Field name="pmdl025" value="01"/>
            <Field name="pmdl025_desc" value="1234"/>
            <Field name="oofb017" value="801 高雄市前金區 TEST"/>
            <Field name="pmdl026" value=""/>
            <Field name="pmdl026_desc" value=""/>
            <Field name="oofb017_1" value=""/>
            <Field name="pmdl029" value=""/>
            <Field name="pmdl029_desc" value=""/>
            <Field name="pmdl021" value="G000231"/>
            <Field name="pmdl021_desc" value="霆鋒實業"/>
            <Field name="pmdl022" value="G000231"/>
            <Field name="pmdl022_desc" value="霆鋒實業"/>
            <Field name="pmdl032" value=""/>
            <Field name="pmdl032_desc" value=""/>
            <Field name="pmdl024" value="001"/>
            <Field name="pmdl024_desc" value="國內採購"/>
            <Field name="pmdl054" value="1:內購"/>
            <Field name="pmdl055" value="1:依採購日匯率"/>
            <Field name="pmdl030" value="N"/>
            <Field name="pmdl031" value=""/>
            <Field name="pmdl028" value=""/>
            <Field name="pmdl042" value="210.00"/>
            <Field name="pmdl047" value="N"/>
            <Field name="pmdl048" value="N"/>
            <Field name="pmdl049" value="N"/>
            <Field name="pmdl046" value="1:不開立發票"/>
            <Field name="pmdl040" value="4,196.00"/>
            <Field name="pmdl041" value="4,406.00"/>
            <Field name="pmdlownid" value="17010592"/>
            <Field name="pmdlownid_desc" value="沈静怡"/>
            <Field name="pmdlowndp" value="I211607"/>
            <Field name="pmdlowndp_desc" value="生計中心-採購課"/>
            <Field name="pmdlcrtid" value="17010592"/>
            <Field name="pmdlcrtid_desc" value="沈静怡"/>
            <Field name="pmdlcrtdp" value="I211607"/>
            <Field name="pmdlcrtdp_desc" value="生計中心-採購課"/>
            <Field name="pmdlcrtdt" value="2017-11-01 09:15:17"/>
            <Field name="pmdlmodid" value="17010592"/>
            <Field name="pmdlmodid_desc" value="沈静怡"/>
            <Field name="pmdlmoddt" value="2017-11-01 09:15:17"/>
            <Field name="pmdlcnfid" value=""/>
            <Field name="pmdlcnfid_desc" value=""/>
            <Field name="pmdlcnfdt" value=""/>
            <Detail name="s_detail1" node_id="1_1">
              <Record>
                <Field name="pmdnsite" value="SX05"/>
                <Field name="pmdnseq" value="1"/>
                <Field name="pmdnorga" value="I21"/>
                <Field name="pmdnorga_desc" value="台灣總公司"/>
                <Field name="pmdn001" value="8ACX10300000003"/>
                <Field name="pmdn001_desc" value="成品類-C型鋼"/>
                <Field name="imaal004" value="3.0-00-00  C型鋼  C150*65*20mm (PCS)"/>
                <Field name="pmdn002" value="02840"/>
                <Field name="pmdn002_desc" value="02840"/>
                <Field name="pmdn004" value=""/>
                <Field name="pmdn004_desc" value=""/>
                <Field name="pmdn005" value=""/>
                <Field name="pmdn006" value="PCS"/>
                <Field name="pmdn006_desc" value="PCS、支、個、片"/>
                <Field name="pmdn007" value="2.000"/>
                <Field name="pmdn008" value="PCS"/>
                <Field name="pmdn008_desc" value="PCS、支、個、片"/>
                <Field name="pmdn009" value="2.000"/>
                <Field name="pmdn024" value="N"/>
                <Field name="pmdn012" value="2017-10-31"/>
                <Field name="pmdn013" value="2017-10-31"/>
                <Field name="pmdn014" value="2017-10-31"/>
                <Field name="pmdn045" value="1:一般"/>
                <Field name="pmdn010" value="PCS"/>
                <Field name="pmdn010_desc" value="PCS、支、個、片"/>
                <Field name="pmdn011" value="2.000"/>
                <Field name="pmdn015" value="473.0000"/>
                <Field name="pmdn016" value="003"/>
                <Field name="pmdn016_desc" value="營業稅5未稅"/>
                <Field name="pmdn017" value="5.00%"/>
                <Field name="pmdn046" value="946.00"/>
                <Field name="pmdn047" value="993.00"/>
                <Field name="pmdn048" value="47.00"/>
                <Field name="pmdn023" value="G000231"/>
                <Field name="pmdn023_desc" value="霆鋒實業"/>
                <Field name="pmdn019" value="1:一般"/>
                <Field name="pmdn020" value="3:特急"/>
                <Field name="pmdn052" value="N"/>
                <Field name="pmdn021" value="N"/>
                <Field name="pmdn022" value="Y"/>
                <Field name="pmdnunit" value="SX05"/>
                <Field name="pmdnunit_desc" value="台灣士興"/>
                <Field name="pmdn049" value=""/>
                <Field name="pmdn049_desc" value=""/>
                <Field name="pmdn051" value=""/>
                <Field name="pmdn051_desc" value=""/>
                <Field name="pmdn054" value="0.000"/>
                <Field name="pmdn055" value="0.000"/>
                <Field name="pmdn056" value="0.000"/>
                <Field name="pmdn057" value="0.000"/>
                <Field name="pmdn050" value="05-I21-2017025設計部研發(2017年度)"/>
                <Field name="pmdncomp" value=""/>
              </Record>
              <Record>
                <Field name="pmdnsite" value="SX05"/>
                <Field name="pmdnseq" value="2"/>
                <Field name="pmdnorga" value="I21"/>
                <Field name="pmdnorga_desc" value="台灣總公司"/>
                <Field name="pmdn001" value="8ACX10300000003"/>
                <Field name="pmdn001_desc" value="成品類-C型鋼"/>
                <Field name="imaal004" value="3.0-00-00  C型鋼  C150*65*20mm (PCS)"/>
                <Field name="pmdn002" value="02980"/>
                <Field name="pmdn002_desc" value="02980"/>
                <Field name="pmdn004" value=""/>
                <Field name="pmdn004_desc" value=""/>
                <Field name="pmdn005" value=""/>
                <Field name="pmdn006" value="PCS"/>
                <Field name="pmdn006_desc" value="PCS、支、個、片"/>
                <Field name="pmdn007" value="2.000"/>
                <Field name="pmdn008" value="PCS"/>
                <Field name="pmdn008_desc" value="PCS、支、個、片"/>
                <Field name="pmdn009" value="2.000"/>
                <Field name="pmdn024" value="N"/>
                <Field name="pmdn012" value="2017-10-31"/>
                <Field name="pmdn013" value="2017-10-31"/>
                <Field name="pmdn014" value="2017-10-31"/>
                <Field name="pmdn045" value="1:一般"/>
                <Field name="pmdn010" value="PCS"/>
                <Field name="pmdn010_desc" value="PCS、支、個、片"/>
                <Field name="pmdn011" value="2.000"/>
                <Field name="pmdn015" value="495.0000"/>
                <Field name="pmdn016" value="003"/>
                <Field name="pmdn016_desc" value="營業稅5未稅"/>
                <Field name="pmdn017" value="5.00%"/>
                <Field name="pmdn046" value="990.00"/>
                <Field name="pmdn047" value="1,040.00"/>
                <Field name="pmdn048" value="50.00"/>
                <Field name="pmdn023" value="G000231"/>
                <Field name="pmdn023_desc" value="霆鋒實業"/>
                <Field name="pmdn019" value="1:一般"/>
                <Field name="pmdn020" value="3:特急"/>
                <Field name="pmdn052" value="N"/>
                <Field name="pmdn021" value="N"/>
                <Field name="pmdn022" value="Y"/>
                <Field name="pmdnunit" value="SX05"/>
                <Field name="pmdnunit_desc" value="台灣士興"/>
                <Field name="pmdn049" value=""/>
                <Field name="pmdn049_desc" value=""/>
                <Field name="pmdn051" value=""/>
                <Field name="pmdn051_desc" value=""/>
                <Field name="pmdn054" value="0.000"/>
                <Field name="pmdn055" value="0.000"/>
                <Field name="pmdn056" value="0.000"/>
                <Field name="pmdn057" value="0.000"/>
                <Field name="pmdn050" value="05-I21-2017025設計部研發(2017年度)"/>
                <Field name="pmdncomp" value="SX05"/>
              </Record>
              <Record>
                <Field name="pmdnsite" value="SX05"/>
                <Field name="pmdnseq" value="3"/>
                <Field name="pmdnorga" value="I21"/>
                <Field name="pmdnorga_desc" value="台灣總公司"/>
                <Field name="pmdn001" value="8ACX10300000003"/>
                <Field name="pmdn001_desc" value="成品類-C型鋼"/>
                <Field name="imaal004" value="3.0-00-00  C型鋼  C150*65*20mm (PCS)"/>
                <Field name="pmdn002" value="03500"/>
                <Field name="pmdn002_desc" value="03500"/>
                <Field name="pmdn004" value=""/>
                <Field name="pmdn004_desc" value=""/>
                <Field name="pmdn005" value=""/>
                <Field name="pmdn006" value="PCS"/>
                <Field name="pmdn006_desc" value="PCS、支、個、片"/>
                <Field name="pmdn007" value="4.000"/>
                <Field name="pmdn008" value="PCS"/>
                <Field name="pmdn008_desc" value="PCS、支、個、片"/>
                <Field name="pmdn009" value="4.000"/>
                <Field name="pmdn024" value="N"/>
                <Field name="pmdn012" value="2017-10-30"/>
                <Field name="pmdn013" value="2017-10-30"/>
                <Field name="pmdn014" value="2017-10-30"/>
                <Field name="pmdn045" value="1:一般"/>
                <Field name="pmdn010" value="PCS"/>
                <Field name="pmdn010_desc" value="PCS、支、個、片"/>
                <Field name="pmdn011" value="4.000"/>
                <Field name="pmdn015" value="565.0000"/>
                <Field name="pmdn016" value="003"/>
                <Field name="pmdn016_desc" value="營業稅5未稅"/>
                <Field name="pmdn017" value="5.00%"/>
                <Field name="pmdn046" value="2,260.00"/>
                <Field name="pmdn047" value="2,373.00"/>
                <Field name="pmdn048" value="113.00"/>
                <Field name="pmdn023" value="G000231"/>
                <Field name="pmdn023_desc" value="霆鋒實業"/>
                <Field name="pmdn019" value="1:一般"/>
                <Field name="pmdn020" value="3:特急"/>
                <Field name="pmdn052" value="N"/>
                <Field name="pmdn021" value="N"/>
                <Field name="pmdn022" value="Y"/>
                <Field name="pmdnunit" value="SX05"/>
                <Field name="pmdnunit_desc" value="台灣士興"/>
                <Field name="pmdn049" value=""/>
                <Field name="pmdn049_desc" value=""/>
                <Field name="pmdn051" value=""/>
                <Field name="pmdn051_desc" value=""/>
                <Field name="pmdn054" value="0.000"/>
                <Field name="pmdn055" value="0.000"/>
                <Field name="pmdn056" value="0.000"/>
                <Field name="pmdn057" value="0.000"/>
                <Field name="pmdn050" value="05-I21-2017025設計部研發(2017年度)"/>
                <Field name="pmdncomp" value="SX05"/>
              </Record>
            </Detail>
            <Detail name="s_detail2" node_id="1_2">
              <Record>
                <Field name="pmdnseq" value="1"/>
                <Field name="imaa001" value="8ACX10300000003"/>
                <Field name="imaal004" value="3.0-00-00  C型鋼  C150*65*20mm (PCS)"/>
                <Field name="imaa005_1_desc" value="02840"/>
                <Field name="pmdn027" value=""/>
                <Field name="l_pmao009" value=""/>
                <Field name="l_pmao010" value=""/>
                <Field name="pmdn028" value=""/>
                <Field name="pmdn028_desc" value=""/>
                <Field name="pmdn029" value=""/>
                <Field name="pmdn029_desc" value=""/>
                <Field name="pmdn030" value=""/>
                <Field name="pmdn053" value="05-I21-2017025"/>
                <Field name="pmdn025" value="01"/>
                <Field name="pmdn025_desc" value="1234"/>
                <Field name="pmdn026" value=""/>
                <Field name="pmdn026_desc" value=""/>
                <Field name="pmdn031" value=""/>
                <Field name="pmdn031_desc" value=""/>
                <Field name="pmdn032" value="1:供應商運送"/>
                <Field name="pmdn033" value=""/>
                <Field name="pmdn003" value=""/>
                <Field name="pmdn003_desc" value=""/>
                <Field name="pmdn036" value="05-I21-2017025"/>
                <Field name="pmdn036_desc" value="設計部研發(2017年度)"/>
                <Field name="pmdn037" value=""/>
                <Field name="pmdn037_desc" value=""/>
                <Field name="pmdn038" value=""/>
                <Field name="pmdn038_desc" value=""/>
                <Field name="pmdn058" value=""/>
                <Field name="pmdn058_desc" value=""/>
                <Field name="pmdn039" value=""/>
                <Field name="pmdn035" value="1:核准價"/>
                <Field name="pmdn040" value="X"/>
                <Field name="pmdn041" value=""/>
                <Field name="pmdn042" value=""/>
                <Field name="pmdn043" value="0.0000"/>
                <Field name="pmdn044" value="0.00%"/>
              </Record>
              <Record>
                <Field name="pmdnseq" value="2"/>
                <Field name="imaa001" value="8ACX10300000003"/>
                <Field name="imaal004" value="3.0-00-00  C型鋼  C150*65*20mm (PCS)"/>
                <Field name="imaa005_1_desc" value="02980"/>
                <Field name="pmdn027" value=""/>
                <Field name="l_pmao009" value=""/>
                <Field name="l_pmao010" value=""/>
                <Field name="pmdn028" value=""/>
                <Field name="pmdn028_desc" value=""/>
                <Field name="pmdn029" value=""/>
                <Field name="pmdn029_desc" value=""/>
                <Field name="pmdn030" value=""/>
                <Field name="pmdn053" value=""/>
                <Field name="pmdn025" value="01"/>
                <Field name="pmdn025_desc" value="1234"/>
                <Field name="pmdn026" value=""/>
                <Field name="pmdn026_desc" value=""/>
                <Field name="pmdn031" value=""/>
                <Field name="pmdn031_desc" value=""/>
                <Field name="pmdn032" value="1:供應商運送"/>
                <Field name="pmdn033" value=""/>
                <Field name="pmdn003" value=""/>
                <Field name="pmdn003_desc" value=""/>
                <Field name="pmdn036" value="05-I21-2017025"/>
                <Field name="pmdn036_desc" value="設計部研發(2017年度)"/>
                <Field name="pmdn037" value=""/>
                <Field name="pmdn037_desc" value=""/>
                <Field name="pmdn038" value=""/>
                <Field name="pmdn038_desc" value=""/>
                <Field name="pmdn058" value=""/>
                <Field name="pmdn058_desc" value=""/>
                <Field name="pmdn039" value=""/>
                <Field name="pmdn035" value="1:核准價"/>
                <Field name="pmdn040" value="X"/>
                <Field name="pmdn041" value=""/>
                <Field name="pmdn042" value=""/>
                <Field name="pmdn043" value="0.0000"/>
                <Field name="pmdn044" value="0.00%"/>
              </Record>
              <Record>
                <Field name="pmdnseq" value="3"/>
                <Field name="imaa001" value="8ACX10300000003"/>
                <Field name="imaal004" value="3.0-00-00  C型鋼  C150*65*20mm (PCS)"/>
                <Field name="imaa005_1_desc" value="03500"/>
                <Field name="pmdn027" value=""/>
                <Field name="l_pmao009" value=""/>
                <Field name="l_pmao010" value=""/>
                <Field name="pmdn028" value=""/>
                <Field name="pmdn028_desc" value=""/>
                <Field name="pmdn029" value=""/>
                <Field name="pmdn029_desc" value=""/>
                <Field name="pmdn030" value=""/>
                <Field name="pmdn053" value=""/>
                <Field name="pmdn025" value="01"/>
                <Field name="pmdn025_desc" value="1234"/>
                <Field name="pmdn026" value=""/>
                <Field name="pmdn026_desc" value=""/>
                <Field name="pmdn031" value=""/>
                <Field name="pmdn031_desc" value=""/>
                <Field name="pmdn032" value="1:供應商運送"/>
                <Field name="pmdn033" value=""/>
                <Field name="pmdn003" value=""/>
                <Field name="pmdn003_desc" value=""/>
                <Field name="pmdn036" value="05-I21-2017025"/>
                <Field name="pmdn036_desc" value="設計部研發(2017年度)"/>
                <Field name="pmdn037" value=""/>
                <Field name="pmdn037_desc" value=""/>
                <Field name="pmdn038" value=""/>
                <Field name="pmdn038_desc" value=""/>
                <Field name="pmdn058" value=""/>
                <Field name="pmdn058_desc" value=""/>
                <Field name="pmdn039" value=""/>
                <Field name="pmdn035" value="1:核准價"/>
                <Field name="pmdn040" value="X"/>
                <Field name="pmdn041" value=""/>
                <Field name="pmdn042" value=""/>
                <Field name="pmdn043" value="0.0000"/>
                <Field name="pmdn044" value="0.00%"/>
              </Record>
            </Detail>
            <Detail name="s_detail3" node_id="1_3">
              <Record>
                <Field name="pmdosite" value="SX05"/>
                <Field name="pmdoseq" value="1"/>
                <Field name="pmdoseq1" value="1"/>
                <Field name="pmdo003" value="1:一般"/>
                <Field name="pmdo001" value="8ACX10300000003"/>
                <Field name="pmdo001_desc" value="成品類-C型鋼"/>
                <Field name="imaal004" value="3.0-00-00  C型鋼  C150*65*20mm (PCS)"/>
                <Field name="pmdo002" value="02840"/>
                <Field name="pmdo004" value="PCS"/>
                <Field name="pmdo004_desc" value="PCS、支、個、片"/>
                <Field name="pmdo005" value="2.000"/>
                <Field name="pmdoseq2" value="1"/>
                <Field name="pmdo006" value="2.000"/>
                <Field name="pmdo028" value="PCS"/>
                <Field name="pmdo028_desc" value="PCS、支、個、片"/>
                <Field name="pmdo029" value="2.000"/>
                <Field name="pmdo011" value="2017-10-31"/>
                <Field name="pmdo012" value="2017-10-31"/>
                <Field name="pmdo013" value="2017-10-31"/>
                <Field name="pmdo010" value=""/>
                <Field name="pmdo010_desc" value=""/>
                <Field name="pmdo014" value="N"/>
                <Field name="pmdo009" value="1:約定交期"/>
                <Field name="pmdo015" value="0.000"/>
                <Field name="pmdo016" value="0.000"/>
                <Field name="pmdo017" value="0.000"/>
                <Field name="pmdo040" value="0.000"/>
                <Field name="pmdo019" value="0.000"/>
                <Field name="pmdo020" value="0.000"/>
                <Field name="pmdo021" value="2:準時交貨"/>
                <Field name="pmdo030" value="PCS"/>
                <Field name="pmdo030_desc" value="PCS、支、個、片"/>
                <Field name="pmdo031" value="2.000"/>
                <Field name="pmdo022" value="473.0000"/>
                <Field name="pmdo023" value="003"/>
                <Field name="pmdo023_desc" value="營業稅5未稅"/>
                <Field name="pmdo024" value="5.00%"/>
                <Field name="pmdo032" value="946.00"/>
                <Field name="pmdo033" value="993.00"/>
                <Field name="pmdo034" value="47.00"/>
                <Field name="pmdo025" value=""/>
                <Field name="pmdo026" value="17010592"/>
                <Field name="pmdo026_desc" value="沈静怡"/>
                <Field name="pmdo027" value="2017-11-01 00:00:00"/>
                <Field name="pmdo041" value="0.000"/>
                <Field name="pmdo042" value="0.000"/>
                <Field name="pmdo043" value="0.000"/>
                <Field name="pmdo044" value="0.000"/>
              </Record>
              <Record>
                <Field name="pmdosite" value="SX05"/>
                <Field name="pmdoseq" value="2"/>
                <Field name="pmdoseq1" value="1"/>
                <Field name="pmdo003" value="1:一般"/>
                <Field name="pmdo001" value="8ACX10300000003"/>
                <Field name="pmdo001_desc" value="成品類-C型鋼"/>
                <Field name="imaal004" value="3.0-00-00  C型鋼  C150*65*20mm (PCS)"/>
                <Field name="pmdo002" value="02980"/>
                <Field name="pmdo004" value="PCS"/>
                <Field name="pmdo004_desc" value="PCS、支、個、片"/>
                <Field name="pmdo005" value="2.000"/>
                <Field name="pmdoseq2" value="1"/>
                <Field name="pmdo006" value="2.000"/>
                <Field name="pmdo028" value="PCS"/>
                <Field name="pmdo028_desc" value="PCS、支、個、片"/>
                <Field name="pmdo029" value="2.000"/>
                <Field name="pmdo011" value="2017-10-31"/>
                <Field name="pmdo012" value="2017-10-31"/>
                <Field name="pmdo013" value="2017-10-31"/>
                <Field name="pmdo010" value=""/>
                <Field name="pmdo010_desc" value=""/>
                <Field name="pmdo014" value="N"/>
                <Field name="pmdo009" value="1:約定交期"/>
                <Field name="pmdo015" value="0.000"/>
                <Field name="pmdo016" value="0.000"/>
                <Field name="pmdo017" value="0.000"/>
                <Field name="pmdo040" value="0.000"/>
                <Field name="pmdo019" value="0.000"/>
                <Field name="pmdo020" value="0.000"/>
                <Field name="pmdo021" value="2:準時交貨"/>
                <Field name="pmdo030" value="PCS"/>
                <Field name="pmdo030_desc" value="PCS、支、個、片"/>
                <Field name="pmdo031" value="2.000"/>
                <Field name="pmdo022" value="495.0000"/>
                <Field name="pmdo023" value="003"/>
                <Field name="pmdo023_desc" value="營業稅5未稅"/>
                <Field name="pmdo024" value="5.00%"/>
                <Field name="pmdo032" value="990.00"/>
                <Field name="pmdo033" value="1,040.00"/>
                <Field name="pmdo034" value="50.00"/>
                <Field name="pmdo025" value=""/>
                <Field name="pmdo026" value="17010592"/>
                <Field name="pmdo026_desc" value="沈静怡"/>
                <Field name="pmdo027" value="2017-11-01 00:00:00"/>
                <Field name="pmdo041" value="0.000"/>
                <Field name="pmdo042" value="0.000"/>
                <Field name="pmdo043" value="0.000"/>
                <Field name="pmdo044" value="0.000"/>
              </Record>
              <Record>
                <Field name="pmdosite" value="SX05"/>
                <Field name="pmdoseq" value="3"/>
                <Field name="pmdoseq1" value="1"/>
                <Field name="pmdo003" value="1:一般"/>
                <Field name="pmdo001" value="8ACX10300000003"/>
                <Field name="pmdo001_desc" value="成品類-C型鋼"/>
                <Field name="imaal004" value="3.0-00-00  C型鋼  C150*65*20mm (PCS)"/>
                <Field name="pmdo002" value="03500"/>
                <Field name="pmdo004" value="PCS"/>
                <Field name="pmdo004_desc" value="PCS、支、個、片"/>
                <Field name="pmdo005" value="4.000"/>
                <Field name="pmdoseq2" value="1"/>
                <Field name="pmdo006" value="4.000"/>
                <Field name="pmdo028" value="PCS"/>
                <Field name="pmdo028_desc" value="PCS、支、個、片"/>
                <Field name="pmdo029" value="4.000"/>
                <Field name="pmdo011" value="2017-10-30"/>
                <Field name="pmdo012" value="2017-10-30"/>
                <Field name="pmdo013" value="2017-10-30"/>
                <Field name="pmdo010" value=""/>
                <Field name="pmdo010_desc" value=""/>
                <Field name="pmdo014" value="N"/>
                <Field name="pmdo009" value="1:約定交期"/>
                <Field name="pmdo015" value="0.000"/>
                <Field name="pmdo016" value="0.000"/>
                <Field name="pmdo017" value="0.000"/>
                <Field name="pmdo040" value="0.000"/>
                <Field name="pmdo019" value="0.000"/>
                <Field name="pmdo020" value="0.000"/>
                <Field name="pmdo021" value="2:準時交貨"/>
                <Field name="pmdo030" value="PCS"/>
                <Field name="pmdo030_desc" value="PCS、支、個、片"/>
                <Field name="pmdo031" value="4.000"/>
                <Field name="pmdo022" value="565.0000"/>
                <Field name="pmdo023" value="003"/>
                <Field name="pmdo023_desc" value="營業稅5未稅"/>
                <Field name="pmdo024" value="5.00%"/>
                <Field name="pmdo032" value="2,260.00"/>
                <Field name="pmdo033" value="2,373.00"/>
                <Field name="pmdo034" value="113.00"/>
                <Field name="pmdo025" value=""/>
                <Field name="pmdo026" value="17010592"/>
                <Field name="pmdo026_desc" value="沈静怡"/>
                <Field name="pmdo027" value="2017-11-01 00:00:00"/>
                <Field name="pmdo041" value="0.000"/>
                <Field name="pmdo042" value="0.000"/>
                <Field name="pmdo043" value="0.000"/>
                <Field name="pmdo044" value="0.000"/>
              </Record>
            </Detail>
            <Detail name="s_detail4" node_id="1_4">
              <Record>
                <Field name="pmdpsite" value="SX05"/>
                <Field name="pmdpseq" value="1"/>
                <Field name="pmdpseq1" value="1"/>
                <Field name="pmdp001" value="8ACX10300000003"/>
                <Field name="pmdp001_desc" value="成品類-C型鋼"/>
                <Field name="imaal004" value="3.0-00-00  C型鋼  C150*65*20mm (PCS)"/>
                <Field name="pmdp002" value="02840"/>
                <Field name="pmdp003" value="005-PM81-171000012"/>
                <Field name="pmdp004" value="2"/>
                <Field name="pmdp005" value=""/>
                <Field name="pmdp006" value=""/>
                <Field name="pmdp007" value="8ACX10300000003"/>
                <Field name="pmdp008" value="02840"/>
                <Field name="pmdp009" value=""/>
                <Field name="pmdp010" value=""/>
                <Field name="pmdp011" value=""/>
                <Field name="pmdp012" value=""/>
                <Field name="pmdp021" value="1"/>
                <Field name="pmdp022" value="PCS"/>
                <Field name="pmdp022_desc" value="PCS、支、個、片"/>
                <Field name="pmdp023" value="2.000"/>
                <Field name="pmdp024" value="2.000"/>
                <Field name="pmdp025" value="0.000"/>
                <Field name="pmdp026" value="0.000"/>
                <Field name="pmdb006" value="2.000"/>
                <Field name="pmdb049" value="2.000"/>
              </Record>
              <Record>
                <Field name="pmdpsite" value="SX05"/>
                <Field name="pmdpseq" value="2"/>
                <Field name="pmdpseq1" value="1"/>
                <Field name="pmdp001" value="8ACX10300000003"/>
                <Field name="pmdp001_desc" value="成品類-C型鋼"/>
                <Field name="imaal004" value="3.0-00-00  C型鋼  C150*65*20mm (PCS)"/>
                <Field name="pmdp002" value="02980"/>
                <Field name="pmdp003" value="005-PM81-171000012"/>
                <Field name="pmdp004" value="1"/>
                <Field name="pmdp005" value=""/>
                <Field name="pmdp006" value=""/>
                <Field name="pmdp007" value="8ACX10300000003"/>
                <Field name="pmdp008" value="02980"/>
                <Field name="pmdp009" value=""/>
                <Field name="pmdp010" value=""/>
                <Field name="pmdp011" value=""/>
                <Field name="pmdp012" value=""/>
                <Field name="pmdp021" value="1"/>
                <Field name="pmdp022" value="PCS"/>
                <Field name="pmdp022_desc" value="PCS、支、個、片"/>
                <Field name="pmdp023" value="2.000"/>
                <Field name="pmdp024" value="2.000"/>
                <Field name="pmdp025" value="0.000"/>
                <Field name="pmdp026" value="0.000"/>
                <Field name="pmdb006" value="2.000"/>
                <Field name="pmdb049" value="2.000"/>
              </Record>
              <Record>
                <Field name="pmdpsite" value="SX05"/>
                <Field name="pmdpseq" value="3"/>
                <Field name="pmdpseq1" value="1"/>
                <Field name="pmdp001" value="8ACX10300000003"/>
                <Field name="pmdp001_desc" value="成品類-C型鋼"/>
                <Field name="imaal004" value="3.0-00-00  C型鋼  C150*65*20mm (PCS)"/>
                <Field name="pmdp002" value="03500"/>
                <Field name="pmdp003" value="005-PM81-171000011"/>
                <Field name="pmdp004" value="1"/>
                <Field name="pmdp005" value=""/>
                <Field name="pmdp006" value=""/>
                <Field name="pmdp007" value="8ACX10300000003"/>
                <Field name="pmdp008" value="03500"/>
                <Field name="pmdp009" value=""/>
                <Field name="pmdp010" value=""/>
                <Field name="pmdp011" value=""/>
                <Field name="pmdp012" value=""/>
                <Field name="pmdp021" value="1"/>
                <Field name="pmdp022" value="PCS"/>
                <Field name="pmdp022_desc" value="PCS、支、個、片"/>
                <Field name="pmdp023" value="4.000"/>
                <Field name="pmdp024" value="4.000"/>
                <Field name="pmdp025" value="0.000"/>
                <Field name="pmdp026" value="0.000"/>
                <Field name="pmdb006" value="4.000"/>
                <Field name="pmdb049" value="4.000"/>
              </Record>
            </Detail>
            <Detail name="s_detail6" node_id="1_5"/>
            <Memo/>
            <Attachment count="0" download="Y"/>
          </Record>
        </Master>
      </RecordSet>
    </Document>
  </RequestContent>
</Request>
]]>
    </param>
  </payload>
</request>


Response XML:

 <response>
  <srvver>1.0</srvver>
  <srvcode>000</srvcode>
  <payload>
   <param key="data" type="XML"><![CDATA[
 <Response>
  <Execution>
   <Status code="0" sqlcode="0" description="NO ERROR"/>
  </Execution>
  <ResponseContent>
   <Parameter>
    <Record>
     <Field name="work_processSN" processId="" value=""/>
     <Field name="flow_processSN" processId="ALL_apmt500_PMB0" value="ALL_apmt500_PMB000002633"/>
     <Field name="status" value="W"/>
    </Record>
   </Parameter>
  </ResponseContent>
 </Response>
]]></param>
  </payload>
 </response>

#------------------------------------------------------------------------------#
#--------------------------- (2017-11-01 09:28:38) ------------------------#

Begin Time at 09:28:35.468

 end at 09:28:38.978

time-consuming:  request:   0.238 BPM response:   0:00:03.510   apmt500   001-PMB0-171100001
Program: apmt500

Code: apmt500

Request XML:

<request type="sync" key="0b0ba20259682c7dfca393025d690db2">
  <host prod="T100" ver="1.0" ip="192.168.10.7" id="topprd" lang="zh_CN" timezone="+8" timestamp="20171101092834696" acct="13040255"/>
  <service prod="BPM" name="ProcessCreate" srvver="" ip="192.168.10.8" id=""/>
  <datakey type="FOM">
    <key name="EntId">9</key>
    <key name="CompanyId">SX01</key>
    <key name="RefId">CN</key>
    <key name="DocProp">apmt500</key>
    <key name="Prog">apmt500</key>
    <key name="FormId">PMB0</key>
    <key name="SheetNo">001-PMB0-171100001</key>
    <key name="PK3"></key>
    <key name="DocKey">pmdlent=9{+}pmdldocno=001-PMB0-171100001</key>
  </datakey>
  <payload>
    <param key="data" type="XML">
      <![CDATA[
<Request>
  <RequestContent>
    <Parameter>
      <Record>
        <Field name="workItem" value=""/>
        <Field name="ori_processSN" value=""/>
        <Field name="flow_processId" value="ALL_apmt500_PMB0"/>
        <Field name="subject" value=""/>
        <Field name="importance" value="0"/>
        <Field name="EFLoginID" value="13040255"/>
        <Field name="OrgUnitID" value="B0207"/>
        <Field name="formOwnerID" value="13040255"/>
        <Field name="formOwnerDP" value="B0207"/>
        <Field name="formCreatorID" value="13040255"/>
        <Field name="formCreatorDP" value="B0207"/>
        <Field name="prog_url" value="http://192.168.10.7/wtopprd/wa/r/app/gwc_apmt500?Arg=T100Trust&amp;Arg=SSOKey&amp;Arg=001-PMB0-171100001"/>
        <Field name="att_url" value="http://192.168.10.7/wtopprd/wa/r/app/gwc_awsp001?Arg=T100Trust&amp;Arg=SSOKey"/>
      </Record>
    </Parameter>
    <Document>
      <RecordSet id="1">
        <Master name="1" node_id="1">
          <Record>
            <Field name="pmdlcomp" value="SX01"/>
            <Field name="pmdlcomp_desc" value="南京士兴"/>
            <Field name="pmdldocno" value="001-PMB0-171100001"/>
            <Field name="pmdl001" value="0"/>
            <Field name="pmdldocno_desc" value="OA送签采购单"/>
            <Field name="pmdldocdt" value="2017-11-01"/>
            <Field name="pmdl004" value="G000066"/>
            <Field name="pmdl004_desc" value="大昌旭"/>
            <Field name="pmdl002" value="13040255"/>
            <Field name="pmdl002_desc" value="卞丽"/>
            <Field name="pmdl003" value="B0207"/>
            <Field name="pmdl003_desc" value="采购部"/>
            <Field name="pmdlsite" value="SX01"/>
            <Field name="pmdl005" value="1:一般采购"/>
            <Field name="pmdl006" value="1:一般交易"/>
            <Field name="pmdl007" value="2:请购单"/>
            <Field name="pmdl008" value="001-PM81-170900025"/>
            <Field name="pmdl027" value=""/>
            <Field name="pmdl027_desc" value=""/>
            <Field name="pmdl052" value=""/>
            <Field name="pmdl052_desc" value=""/>
            <Field name="pmdl053" value=""/>
            <Field name="pmdl009" value="20010"/>
            <Field name="pmdl009_desc" value="现金交易"/>
            <Field name="pmdl010" value="CFR"/>
            <Field name="pmdl010_desc" value="成本+运费"/>
            <Field name="pmdl011" value="004"/>
            <Field name="pmdl011_desc" value="增值税17含税"/>
            <Field name="pmdl012" value="17.00%"/>
            <Field name="pmdl013" value="Y"/>
            <Field name="pmdl033" value="03"/>
            <Field name="pmdl033_desc" value="大陸用-一般纳税人增值税专用发票(3联)"/>
            <Field name="pmdl015" value="CNY"/>
            <Field name="pmdl015_desc" value="人民币"/>
            <Field name="pmdl016" value="1.000000"/>
            <Field name="pmdl017" value="SX01"/>
            <Field name="pmdl017_desc" value="采购核价"/>
            <Field name="pmdl018" value=""/>
            <Field name="pmdl018_desc" value=""/>
            <Field name="pmdl023" value="11"/>
            <Field name="pmdl023_desc" value=""/>
            <Field name="pmdl044" value=""/>
            <Field name="pmdl051" value=""/>
            <Field name="pmdl051_desc" value=""/>
            <Field name="pmdl020" value="02"/>
            <Field name="pmdl020_desc" value="公路运输"/>
            <Field name="pmdl025" value=""/>
            <Field name="pmdl025_desc" value=""/>
            <Field name="oofb017" value=""/>
            <Field name="pmdl026" value=""/>
            <Field name="pmdl026_desc" value=""/>
            <Field name="oofb017_1" value=""/>
            <Field name="pmdl029" value=""/>
            <Field name="pmdl029_desc" value=""/>
            <Field name="pmdl021" value="G000066"/>
            <Field name="pmdl021_desc" value="大昌旭"/>
            <Field name="pmdl022" value="G000066"/>
            <Field name="pmdl022_desc" value="大昌旭"/>
            <Field name="pmdl032" value=""/>
            <Field name="pmdl032_desc" value=""/>
            <Field name="pmdl024" value="001"/>
            <Field name="pmdl024_desc" value="国内采购"/>
            <Field name="pmdl054" value="1:内购"/>
            <Field name="pmdl055" value="1:依采购日汇率"/>
            <Field name="pmdl030" value="N"/>
            <Field name="pmdl031" value=""/>
            <Field name="pmdl028" value=""/>
            <Field name="pmdl042" value="6,534.55"/>
            <Field name="pmdl047" value="N"/>
            <Field name="pmdl048" value="N"/>
            <Field name="pmdl049" value="N"/>
            <Field name="pmdl046" value="1:不开立发票"/>
            <Field name="pmdl040" value="38,438.55"/>
            <Field name="pmdl041" value="44,973.10"/>
            <Field name="pmdlownid" value="13040255"/>
            <Field name="pmdlownid_desc" value="卞丽"/>
            <Field name="pmdlowndp" value="B0207"/>
            <Field name="pmdlowndp_desc" value="采购部"/>
            <Field name="pmdlcrtid" value="13040255"/>
            <Field name="pmdlcrtid_desc" value="卞丽"/>
            <Field name="pmdlcrtdp" value="B0207"/>
            <Field name="pmdlcrtdp_desc" value="采购部"/>
            <Field name="pmdlcrtdt" value="2017-11-01 09:22:59"/>
            <Field name="pmdlmodid" value="13040255"/>
            <Field name="pmdlmodid_desc" value="卞丽"/>
            <Field name="pmdlmoddt" value="2017-11-01 09:24:37"/>
            <Field name="pmdlcnfid" value=""/>
            <Field name="pmdlcnfid_desc" value=""/>
            <Field name="pmdlcnfdt" value=""/>
            <Detail name="s_detail1" node_id="1_1">
              <Record>
                <Field name="pmdnsite" value="SX01"/>
                <Field name="pmdnseq" value="1"/>
                <Field name="pmdnorga" value="C02"/>
                <Field name="pmdnorga_desc" value="营运中心"/>
                <Field name="pmdn001" value="ASB10200000022"/>
                <Field name="pmdn001_desc" value="成品类-收边（宁波亚德客 01-C02-2017008）"/>
                <Field name="imaal004" value="1.5-00-00 不锈钢天沟 W=1500"/>
                <Field name="pmdn002" value="00000_0000"/>
                <Field name="pmdn002_desc" value="00000_0000"/>
                <Field name="pmdn004" value=""/>
                <Field name="pmdn004_desc" value=""/>
                <Field name="pmdn005" value=""/>
                <Field name="pmdn006" value="M"/>
                <Field name="pmdn006_desc" value="米"/>
                <Field name="pmdn007" value="176.060"/>
                <Field name="pmdn008" value="KG"/>
                <Field name="pmdn008_desc" value="公斤"/>
                <Field name="pmdn009" value="3,063.444"/>
                <Field name="pmdn024" value="N"/>
                <Field name="pmdn012" value="2017-10-05"/>
                <Field name="pmdn013" value="2017-10-05"/>
                <Field name="pmdn014" value="2017-10-05"/>
                <Field name="pmdn045" value="1:一般"/>
                <Field name="pmdn010" value="M"/>
                <Field name="pmdn010_desc" value="米"/>
                <Field name="pmdn011" value="176.060"/>
                <Field name="pmdn015" value="255.4419"/>
                <Field name="pmdn016" value="004"/>
                <Field name="pmdn016_desc" value="增值税17含税"/>
                <Field name="pmdn017" value="17.00%"/>
                <Field name="pmdn046" value="38,438.55"/>
                <Field name="pmdn047" value="44,973.10"/>
                <Field name="pmdn048" value="6,534.55"/>
                <Field name="pmdn023" value="G000066"/>
                <Field name="pmdn023_desc" value="大昌旭"/>
                <Field name="pmdn019" value="1:一般"/>
                <Field name="pmdn020" value="1:一般"/>
                <Field name="pmdn052" value="N"/>
                <Field name="pmdn021" value="N"/>
                <Field name="pmdn022" value="Y"/>
                <Field name="pmdnunit" value="SX01"/>
                <Field name="pmdnunit_desc" value="南京士兴"/>
                <Field name="pmdn049" value=""/>
                <Field name="pmdn049_desc" value=""/>
                <Field name="pmdn051" value=""/>
                <Field name="pmdn051_desc" value=""/>
                <Field name="pmdn054" value="0.000"/>
                <Field name="pmdn055" value="0.000"/>
                <Field name="pmdn056" value="0.000"/>
                <Field name="pmdn057" value="0.000"/>
                <Field name="pmdn050" value="006料单"/>
                <Field name="pmdncomp" value="SX01"/>
              </Record>
            </Detail>
            <Detail name="s_detail2" node_id="1_2">
              <Record>
                <Field name="pmdnseq" value="1"/>
                <Field name="imaa001" value="ASB10200000022"/>
                <Field name="imaal004" value="1.5-00-00 不锈钢天沟 W=1500"/>
                <Field name="imaa005_1_desc" value="00000_0000"/>
                <Field name="pmdn027" value=""/>
                <Field name="l_pmao009" value=""/>
                <Field name="l_pmao010" value=""/>
                <Field name="pmdn028" value=""/>
                <Field name="pmdn028_desc" value=""/>
                <Field name="pmdn029" value=""/>
                <Field name="pmdn029_desc" value=""/>
                <Field name="pmdn030" value=""/>
                <Field name="pmdn053" value=""/>
                <Field name="pmdn025" value=""/>
                <Field name="pmdn025_desc" value=""/>
                <Field name="pmdn026" value=""/>
                <Field name="pmdn026_desc" value=""/>
                <Field name="pmdn031" value="02"/>
                <Field name="pmdn031_desc" value="公路运输"/>
                <Field name="pmdn032" value="1:供应商运送"/>
                <Field name="pmdn033" value=""/>
                <Field name="pmdn003" value=""/>
                <Field name="pmdn003_desc" value=""/>
                <Field name="pmdn036" value="01-C02-2017008"/>
                <Field name="pmdn036_desc" value="宁波亚德客3号厂房项目工程"/>
                <Field name="pmdn037" value=""/>
                <Field name="pmdn037_desc" value=""/>
                <Field name="pmdn038" value=""/>
                <Field name="pmdn038_desc" value=""/>
                <Field name="pmdn058" value=""/>
                <Field name="pmdn058_desc" value=""/>
                <Field name="pmdn039" value=""/>
                <Field name="pmdn035" value="1:核准价"/>
                <Field name="pmdn040" value="X"/>
                <Field name="pmdn041" value=""/>
                <Field name="pmdn042" value=""/>
                <Field name="pmdn043" value="0.0000"/>
                <Field name="pmdn044" value="0.00%"/>
              </Record>
            </Detail>
            <Detail name="s_detail3" node_id="1_3">
              <Record>
                <Field name="pmdosite" value="SX01"/>
                <Field name="pmdoseq" value="1"/>
                <Field name="pmdoseq1" value="1"/>
                <Field name="pmdo003" value="1:一般"/>
                <Field name="pmdo001" value="ASB10200000022"/>
                <Field name="pmdo001_desc" value="成品类-收边（宁波亚德客 01-C02-2017008）"/>
                <Field name="imaal004" value="1.5-00-00 不锈钢天沟 W=1500"/>
                <Field name="pmdo002" value="00000_0000"/>
                <Field name="pmdo004" value="M"/>
                <Field name="pmdo004_desc" value="米"/>
                <Field name="pmdo005" value="176.060"/>
                <Field name="pmdoseq2" value="1"/>
                <Field name="pmdo006" value="176.060"/>
                <Field name="pmdo028" value="KG"/>
                <Field name="pmdo028_desc" value="公斤"/>
                <Field name="pmdo029" value="3,063.444"/>
                <Field name="pmdo011" value="2017-10-05"/>
                <Field name="pmdo012" value="2017-10-05"/>
                <Field name="pmdo013" value="2017-10-05"/>
                <Field name="pmdo010" value=""/>
                <Field name="pmdo010_desc" value=""/>
                <Field name="pmdo014" value="N"/>
                <Field name="pmdo009" value="1:约定交期"/>
                <Field name="pmdo015" value="0.000"/>
                <Field name="pmdo016" value="0.000"/>
                <Field name="pmdo017" value="0.000"/>
                <Field name="pmdo040" value="0.000"/>
                <Field name="pmdo019" value="0.000"/>
                <Field name="pmdo020" value="0.000"/>
                <Field name="pmdo021" value="2:准时交货"/>
                <Field name="pmdo030" value="M"/>
                <Field name="pmdo030_desc" value="米"/>
                <Field name="pmdo031" value="176.060"/>
                <Field name="pmdo022" value="255.4419"/>
                <Field name="pmdo023" value="004"/>
                <Field name="pmdo023_desc" value="增值税17含税"/>
                <Field name="pmdo024" value="17.00%"/>
                <Field name="pmdo032" value="38,438.55"/>
                <Field name="pmdo033" value="44,973.10"/>
                <Field name="pmdo034" value="6,534.55"/>
                <Field name="pmdo025" value=""/>
                <Field name="pmdo026" value="13040255"/>
                <Field name="pmdo026_desc" value="卞丽"/>
                <Field name="pmdo027" value="2017-11-01 00:00:00"/>
                <Field name="pmdo041" value="0.000"/>
                <Field name="pmdo042" value="0.000"/>
                <Field name="pmdo043" value="0.000"/>
                <Field name="pmdo044" value="0.000"/>
              </Record>
            </Detail>
            <Detail name="s_detail4" node_id="1_4">
              <Record>
                <Field name="pmdpsite" value="SX01"/>
                <Field name="pmdpseq" value="1"/>
                <Field name="pmdpseq1" value="1"/>
                <Field name="pmdp001" value="ASB10200000022"/>
                <Field name="pmdp001_desc" value="成品类-收边（宁波亚德客 01-C02-2017008）"/>
                <Field name="imaal004" value="1.5-00-00 不锈钢天沟 W=1500"/>
                <Field name="pmdp002" value="00000_0000"/>
                <Field name="pmdp003" value="001-PM81-170900025"/>
                <Field name="pmdp004" value="1"/>
                <Field name="pmdp005" value=""/>
                <Field name="pmdp006" value=""/>
                <Field name="pmdp007" value="ASB10200000022"/>
                <Field name="pmdp008" value="00000_0000"/>
                <Field name="pmdp009" value=""/>
                <Field name="pmdp010" value=""/>
                <Field name="pmdp011" value=""/>
                <Field name="pmdp012" value=""/>
                <Field name="pmdp021" value="1"/>
                <Field name="pmdp022" value="M"/>
                <Field name="pmdp022_desc" value="米"/>
                <Field name="pmdp023" value="176.060"/>
                <Field name="pmdp024" value="176.060"/>
                <Field name="pmdp025" value="0.000"/>
                <Field name="pmdp026" value="0.000"/>
                <Field name="pmdb006" value="176.060"/>
                <Field name="pmdb049" value="176.060"/>
              </Record>
            </Detail>
            <Detail name="s_detail6" node_id="1_5"/>
            <Memo/>
            <Attachment count="1" download="Y">
              <Document type="1" desc="" url="aHR0cDovLzE5Mi4xNjguMTAuNy90b3BwcmQvb3V0LzAwMS0xNzA5MDAwMjUlRTglQUUlQTIlRTglQjQlQUQlRTUlOEQlOTUucGRm" key="9|[{&quot;column&quot;:&quot;pmdldocno&quot;,&quot;values&quot;:&quot;001-PMB0-171100001&quot;}]|1|1" filename="001-170900025订购单.pdf" owner="13040255" creator="13040255" size="74610"/>
            </Attachment>
          </Record>
        </Master>
      </RecordSet>
    </Document>
  </RequestContent>
</Request>
]]>
    </param>
  </payload>
</request>


Response XML:

 <response>
  <srvver>1.0</srvver>
  <srvcode>000</srvcode>
  <payload>
   <param key="data" type="XML"><![CDATA[
 <Response>
  <Execution>
   <Status code="0" sqlcode="0" description="NO ERROR"/>
  </Execution>
  <ResponseContent>
   <Parameter>
    <Record>
     <Field name="work_processSN" processId="" value=""/>
     <Field name="flow_processSN" processId="ALL_apmt500_PMB0" value="ALL_apmt500_PMB000002634"/>
     <Field name="status" value="W"/>
    </Record>
   </Parameter>
  </ResponseContent>
 </Response>
]]></param>
  </payload>
 </response>

#------------------------------------------------------------------------------#
#--------------------------- (2017-11-01 09:41:13) ------------------------#

Begin Time at 09:41:11.579

 end at 09:41:13.065

time-consuming:  request:   0.073 BPM response:   0:00:01.486   apmt400   001-PM81-171000040
Program: apmt400

Code: apmt400

Request XML:

<request type="sync" key="dfb2e7164e726a2ff3068e44dec040a6">
  <host prod="T100" ver="1.0" ip="192.168.10.7" id="topprd" lang="zh_CN" timezone="+8" timestamp="20171101094110955" acct="15050383"/>
  <service prod="BPM" name="ProcessCreate" srvver="" ip="192.168.10.8" id=""/>
  <datakey type="FOM">
    <key name="EntId">9</key>
    <key name="CompanyId">SX01</key>
    <key name="RefId">CN</key>
    <key name="DocProp">apmt400</key>
    <key name="Prog">apmt400</key>
    <key name="FormId">PM81</key>
    <key name="SheetNo">001-PM81-171000040</key>
    <key name="PK3"></key>
    <key name="DocKey">pmdaent=9{+}pmdadocno=001-PM81-171000040</key>
  </datakey>
  <payload>
    <param key="data" type="XML">
      <![CDATA[
<Request>
  <RequestContent>
    <Parameter>
      <Record>
        <Field name="workItem" value=""/>
        <Field name="ori_processSN" value=""/>
        <Field name="flow_processId" value="ALL_apmt400_PM81"/>
        <Field name="subject" value=""/>
        <Field name="importance" value="0"/>
        <Field name="EFLoginID" value="15050383"/>
        <Field name="OrgUnitID" value="C2202"/>
        <Field name="formOwnerID" value="15050383"/>
        <Field name="formOwnerDP" value="C2202"/>
        <Field name="formCreatorID" value="15050383"/>
        <Field name="formCreatorDP" value="C2202"/>
        <Field name="prog_url" value="http://192.168.10.7/wtopprd/wa/r/app/gwc_apmt400?Arg=T100Trust&amp;Arg=SSOKey&amp;Arg=001-PM81-171000040"/>
        <Field name="att_url" value="http://192.168.10.7/wtopprd/wa/r/app/gwc_awsp001?Arg=T100Trust&amp;Arg=SSOKey"/>
      </Record>
    </Parameter>
    <Document>
      <RecordSet id="1">
        <Master name="1" node_id="1">
          <Record>
            <Field name="pmdadocno" value="001-PM81-171000040"/>
            <Field name="pmda001" value="0"/>
            <Field name="pmdadocno_desc" value="请购单(OA送签)"/>
            <Field name="pmdadocdt" value="2017-10-31"/>
            <Field name="pmda002" value="15050383"/>
            <Field name="pmda002_desc" value="丁燕"/>
            <Field name="pmda003" value="C2202"/>
            <Field name="pmda003_desc" value="昆山-管理部"/>
            <Field name="pmda010" value=""/>
            <Field name="pmda011" value=""/>
            <Field name="pmda012" value="N"/>
            <Field name="pmda005" value=""/>
            <Field name="pmda005_desc" value=""/>
            <Field name="ooan005" value=""/>
            <Field name="pmda007" value="C2202"/>
            <Field name="pmda007_desc" value="昆山-管理部"/>
            <Field name="pmda021" value=""/>
            <Field name="pmda021_desc" value=""/>
            <Field name="pmda022" value=""/>
            <Detail name="s_detail1" node_id="1_1">
              <Record>
                <Field name="pmdbsite" value="SX01"/>
                <Field name="pmdbseq" value="1"/>
                <Field name="pmdborga" value="E22"/>
                <Field name="pmdb001" value="01-E22-2017007"/>
                <Field name="pmdb002" value="7"/>
                <Field name="pmdb003" value="0"/>
                <Field name="pmdb004" value="ALT10300000077"/>
                <Field name="pmdb004_desc" value="成品类-檩条（江西极上品 01-E22-2017007）"/>
                <Field name="imaal004" value="1.6-Q345-Z275  Z220*75*20 镀锌"/>
                <Field name="pmdb007" value="KG"/>
                <Field name="pmdb007_desc" value="公斤"/>
                <Field name="pmdb006" value="13,707.600"/>
                <Field name="pmdb033" value="1:一般"/>
              </Record>
              <Record>
                <Field name="pmdbsite" value="SX01"/>
                <Field name="pmdbseq" value="2"/>
                <Field name="pmdborga" value="E22"/>
                <Field name="pmdb001" value="01-E22-2017007"/>
                <Field name="pmdb002" value="8"/>
                <Field name="pmdb003" value="0"/>
                <Field name="pmdb004" value="ALT10300000078"/>
                <Field name="pmdb004_desc" value="成品类-檩条（江西极上品 01-E22-2017007）"/>
                <Field name="imaal004" value="2.2-Q345-Z275  Z220*75*20 镀锌"/>
                <Field name="pmdb007" value="KG"/>
                <Field name="pmdb007_desc" value="公斤"/>
                <Field name="pmdb006" value="6,424.800"/>
                <Field name="pmdb033" value="1:一般"/>
              </Record>
              <Record>
                <Field name="pmdbsite" value="SX01"/>
                <Field name="pmdbseq" value="3"/>
                <Field name="pmdborga" value="E22"/>
                <Field name="pmdb001" value="01-E22-2017007"/>
                <Field name="pmdb002" value="9"/>
                <Field name="pmdb003" value="0"/>
                <Field name="pmdb004" value="ALT10300000079"/>
                <Field name="pmdb004_desc" value="成品类-檩条（江西极上品 01-E22-2017007）"/>
                <Field name="imaal004" value="2.0-Q345-Z275  Z250*75*20  镀锌"/>
                <Field name="pmdb007" value="KG"/>
                <Field name="pmdb007_desc" value="公斤"/>
                <Field name="pmdb006" value="16,698.600"/>
                <Field name="pmdb033" value="1:一般"/>
              </Record>
              <Record>
                <Field name="pmdbsite" value="SX01"/>
                <Field name="pmdbseq" value="4"/>
                <Field name="pmdborga" value="E22"/>
                <Field name="pmdb001" value="01-E22-2017007"/>
                <Field name="pmdb002" value="10"/>
                <Field name="pmdb003" value="0"/>
                <Field name="pmdb004" value="ALT10300000080"/>
                <Field name="pmdb004_desc" value="成品类-檩条（江西极上品 01-E22-2017007）"/>
                <Field name="imaal004" value="2.5-Q345-Z275  Z250*75*20  镀锌"/>
                <Field name="pmdb007" value="KG"/>
                <Field name="pmdb007_desc" value="公斤"/>
                <Field name="pmdb006" value="22,941.200"/>
                <Field name="pmdb033" value="1:一般"/>
              </Record>
              <Record>
                <Field name="pmdbsite" value="SX01"/>
                <Field name="pmdbseq" value="5"/>
                <Field name="pmdborga" value="E22"/>
                <Field name="pmdb001" value="01-E22-2017007"/>
                <Field name="pmdb002" value="11"/>
                <Field name="pmdb003" value="0"/>
                <Field name="pmdb004" value="ALT10300000081"/>
                <Field name="pmdb004_desc" value="成品类-檩条（江西极上品 01-E22-2017007）"/>
                <Field name="imaal004" value="1.6-Q345B-Z275  C150*60*20  镀锌"/>
                <Field name="pmdb007" value="KG"/>
                <Field name="pmdb007_desc" value="公斤"/>
                <Field name="pmdb006" value="4,222.700"/>
                <Field name="pmdb033" value="1:一般"/>
              </Record>
              <Record>
                <Field name="pmdbsite" value="SX01"/>
                <Field name="pmdbseq" value="6"/>
                <Field name="pmdborga" value="E22"/>
                <Field name="pmdb001" value="01-E22-2017007"/>
                <Field name="pmdb002" value="13"/>
                <Field name="pmdb003" value="0"/>
                <Field name="pmdb004" value="ALT10300000083"/>
                <Field name="pmdb004_desc" value="成品类-檩条（江西极上品 01-E22-2017007）"/>
                <Field name="imaal004" value="1.8-Q345B-Z275  C160*70*20 镀锌"/>
                <Field name="pmdb007" value="KG"/>
                <Field name="pmdb007_desc" value="公斤"/>
                <Field name="pmdb006" value="11,845.900"/>
                <Field name="pmdb033" value="1:一般"/>
              </Record>
              <Record>
                <Field name="pmdbsite" value="SX01"/>
                <Field name="pmdbseq" value="7"/>
                <Field name="pmdborga" value="E22"/>
                <Field name="pmdb001" value="01-E22-2017007"/>
                <Field name="pmdb002" value="15"/>
                <Field name="pmdb003" value="0"/>
                <Field name="pmdb004" value="ALT10300000085"/>
                <Field name="pmdb004_desc" value="成品类-檩条（江西极上品 01-E22-2017007）"/>
                <Field name="imaal004" value="3.0-Q345B-Z275  C160*70*20  镀锌"/>
                <Field name="pmdb007" value="KG"/>
                <Field name="pmdb007_desc" value="公斤"/>
                <Field name="pmdb006" value="364.700"/>
                <Field name="pmdb033" value="1:一般"/>
              </Record>
              <Record>
                <Field name="pmdbsite" value="SX01"/>
                <Field name="pmdbseq" value="8"/>
                <Field name="pmdborga" value="E22"/>
                <Field name="pmdb001" value="01-E22-2017007"/>
                <Field name="pmdb002" value="96"/>
                <Field name="pmdb003" value="0"/>
                <Field name="pmdb004" value="ALT10300000104"/>
                <Field name="pmdb004_desc" value="成品类-檩条（江西极上品 01-E22-2017007）"/>
                <Field name="imaal004" value="2.5-Q345B-Z275  C160*70*20  镀锌"/>
                <Field name="pmdb007" value="KG"/>
                <Field name="pmdb007_desc" value="公斤"/>
                <Field name="pmdb006" value="4,113.800"/>
                <Field name="pmdb033" value="1:一般"/>
              </Record>
              <Record>
                <Field name="pmdbsite" value="SX01"/>
                <Field name="pmdbseq" value="9"/>
                <Field name="pmdborga" value="E22"/>
                <Field name="pmdb001" value="01-E22-2017007"/>
                <Field name="pmdb002" value="29"/>
                <Field name="pmdb003" value="0"/>
                <Field name="pmdb004" value="DLG10100000002"/>
                <Field name="pmdb004_desc" value="型材类-拉杆"/>
                <Field name="imaal004" value="00-00-00 螺帽垫片M12"/>
                <Field name="pmdb007" value="PCS"/>
                <Field name="pmdb007_desc" value="PCS"/>
                <Field name="pmdb006" value="11,686.000"/>
                <Field name="pmdb033" value="1:一般"/>
              </Record>
              <Record>
                <Field name="pmdbsite" value="SX01"/>
                <Field name="pmdbseq" value="10"/>
                <Field name="pmdborga" value="E22"/>
                <Field name="pmdb001" value="01-E22-2017007"/>
                <Field name="pmdb002" value="28"/>
                <Field name="pmdb003" value="0"/>
                <Field name="pmdb004" value="DLG10100000014"/>
                <Field name="pmdb004_desc" value="型材类-拉杆"/>
                <Field name="imaal004" value="12-Q235-Z275"/>
                <Field name="pmdb007" value="KG"/>
                <Field name="pmdb007_desc" value="公斤"/>
                <Field name="pmdb006" value="4,453.300"/>
                <Field name="pmdb033" value="1:一般"/>
              </Record>
              <Record>
                <Field name="pmdbsite" value="SX01"/>
                <Field name="pmdbseq" value="11"/>
                <Field name="pmdborga" value="E22"/>
                <Field name="pmdb001" value="01-E22-2017007"/>
                <Field name="pmdb002" value="95"/>
                <Field name="pmdb003" value="0"/>
                <Field name="pmdb004" value="DYG20200000003"/>
                <Field name="pmdb004_desc" value="型材类-圆管"/>
                <Field name="imaal004" value="2.5-Q235-Z275 镀锌套管Φ30（成品）"/>
                <Field name="pmdb007" value="KG"/>
                <Field name="pmdb007_desc" value="公斤"/>
                <Field name="pmdb006" value="955.800"/>
                <Field name="pmdb033" value="1:一般"/>
              </Record>
            </Detail>
            <Detail name="s_detail2" node_id="1_2">
              <Record>
                <Field name="pmdbseq" value="1"/>
                <Field name="imaal001" value="ALT10300000077"/>
                <Field name="imaal003" value="成品类-檩条（江西极上品 01-E22-2017007）"/>
                <Field name="imaal004" value="1.6-Q345-Z275  Z220*75*20 镀锌"/>
                <Field name="pmdb020" value="0.00"/>
                <Field name="pmdb021" value="0.00"/>
                <Field name="pmdb046" value="C2202"/>
                <Field name="pmdb046_desc" value="昆山-管理部"/>
              </Record>
              <Record>
                <Field name="pmdbseq" value="2"/>
                <Field name="imaal001" value="ALT10300000078"/>
                <Field name="imaal003" value="成品类-檩条（江西极上品 01-E22-2017007）"/>
                <Field name="imaal004" value="2.2-Q345-Z275  Z220*75*20 镀锌"/>
                <Field name="pmdb020" value="0.00"/>
                <Field name="pmdb021" value="0.00"/>
                <Field name="pmdb046" value="C2202"/>
                <Field name="pmdb046_desc" value="昆山-管理部"/>
              </Record>
              <Record>
                <Field name="pmdbseq" value="3"/>
                <Field name="imaal001" value="ALT10300000079"/>
                <Field name="imaal003" value="成品类-檩条（江西极上品 01-E22-2017007）"/>
                <Field name="imaal004" value="2.0-Q345-Z275  Z250*75*20  镀锌"/>
                <Field name="pmdb020" value="0.00"/>
                <Field name="pmdb021" value="0.00"/>
                <Field name="pmdb046" value="C2202"/>
                <Field name="pmdb046_desc" value="昆山-管理部"/>
              </Record>
              <Record>
                <Field name="pmdbseq" value="4"/>
                <Field name="imaal001" value="ALT10300000080"/>
                <Field name="imaal003" value="成品类-檩条（江西极上品 01-E22-2017007）"/>
                <Field name="imaal004" value="2.5-Q345-Z275  Z250*75*20  镀锌"/>
                <Field name="pmdb020" value="0.00"/>
                <Field name="pmdb021" value="0.00"/>
                <Field name="pmdb046" value="C2202"/>
                <Field name="pmdb046_desc" value="昆山-管理部"/>
              </Record>
              <Record>
                <Field name="pmdbseq" value="5"/>
                <Field name="imaal001" value="ALT10300000081"/>
                <Field name="imaal003" value="成品类-檩条（江西极上品 01-E22-2017007）"/>
                <Field name="imaal004" value="1.6-Q345B-Z275  C150*60*20  镀锌"/>
                <Field name="pmdb020" value="0.00"/>
                <Field name="pmdb021" value="0.00"/>
                <Field name="pmdb046" value="C2202"/>
                <Field name="pmdb046_desc" value="昆山-管理部"/>
              </Record>
              <Record>
                <Field name="pmdbseq" value="6"/>
                <Field name="imaal001" value="ALT10300000083"/>
                <Field name="imaal003" value="成品类-檩条（江西极上品 01-E22-2017007）"/>
                <Field name="imaal004" value="1.8-Q345B-Z275  C160*70*20 镀锌"/>
                <Field name="pmdb020" value="0.00"/>
                <Field name="pmdb021" value="0.00"/>
                <Field name="pmdb046" value="C2202"/>
                <Field name="pmdb046_desc" value="昆山-管理部"/>
              </Record>
              <Record>
                <Field name="pmdbseq" value="7"/>
                <Field name="imaal001" value="ALT10300000085"/>
                <Field name="imaal003" value="成品类-檩条（江西极上品 01-E22-2017007）"/>
                <Field name="imaal004" value="3.0-Q345B-Z275  C160*70*20  镀锌"/>
                <Field name="pmdb020" value="0.00"/>
                <Field name="pmdb021" value="0.00"/>
                <Field name="pmdb046" value="C2202"/>
                <Field name="pmdb046_desc" value="昆山-管理部"/>
              </Record>
              <Record>
                <Field name="pmdbseq" value="8"/>
                <Field name="imaal001" value="ALT10300000104"/>
                <Field name="imaal003" value="成品类-檩条（江西极上品 01-E22-2017007）"/>
                <Field name="imaal004" value="2.5-Q345B-Z275  C160*70*20  镀锌"/>
                <Field name="pmdb020" value="0.00"/>
                <Field name="pmdb021" value="0.00"/>
                <Field name="pmdb046" value="C2202"/>
                <Field name="pmdb046_desc" value="昆山-管理部"/>
              </Record>
              <Record>
                <Field name="pmdbseq" value="9"/>
                <Field name="imaal001" value="DLG10100000002"/>
                <Field name="imaal003" value="型材类-拉杆"/>
                <Field name="imaal004" value="00-00-00 螺帽垫片M12"/>
                <Field name="pmdb020" value="0.00"/>
                <Field name="pmdb021" value="0.00"/>
                <Field name="pmdb046" value="C2202"/>
                <Field name="pmdb046_desc" value="昆山-管理部"/>
              </Record>
              <Record>
                <Field name="pmdbseq" value="10"/>
                <Field name="imaal001" value="DLG10100000014"/>
                <Field name="imaal003" value="型材类-拉杆"/>
                <Field name="imaal004" value="12-Q235-Z275"/>
                <Field name="pmdb020" value="0.00"/>
                <Field name="pmdb021" value="0.00"/>
                <Field name="pmdb046" value="C2202"/>
                <Field name="pmdb046_desc" value="昆山-管理部"/>
              </Record>
              <Record>
                <Field name="pmdbseq" value="11"/>
                <Field name="imaal001" value="DYG20200000003"/>
                <Field name="imaal003" value="型材类-圆管"/>
                <Field name="imaal004" value="2.5-Q235-Z275 镀锌套管Φ30（成品）"/>
                <Field name="pmdb020" value="0.00"/>
                <Field name="pmdb021" value="0.00"/>
                <Field name="pmdb046" value="C2202"/>
                <Field name="pmdb046_desc" value="昆山-管理部"/>
              </Record>
            </Detail>
            <Memo/>
            <Attachment count="0" download="Y"/>
          </Record>
        </Master>
      </RecordSet>
    </Document>
  </RequestContent>
</Request>
]]>
    </param>
  </payload>
</request>


Response XML:

 <response>
  <srvver>1.0</srvver>
  <srvcode>000</srvcode>
  <payload>
   <param key="data" type="XML"><![CDATA[
 <Response>
  <Execution>
   <Status code="0" sqlcode="0" description="NO ERROR"/>
  </Execution>
  <ResponseContent>
   <Parameter>
    <Record>
     <Field name="work_processSN" processId="" value=""/>
     <Field name="flow_processSN" processId="ALL_apmt400_PM81" value="ALL_apmt400_PM8100002025"/>
     <Field name="status" value="W"/>
    </Record>
   </Parameter>
  </ResponseContent>
 </Response>
]]></param>
  </payload>
 </response>

#------------------------------------------------------------------------------#
#--------------------------- (2017-11-01 10:07:03) ------------------------#

Begin Time at 10:07:02.673

 end at 10:07:03.955

time-consuming:  request:   0.055 BPM response:   0:00:01.282   apmt400   001-PM81-171100001
Program: apmt400

Code: apmt400

Request XML:

<request type="sync" key="2f24ff414c915aaf2d35d6db825a31fd">
  <host prod="T100" ver="1.0" ip="192.168.10.7" id="topprd" lang="zh_CN" timezone="+8" timestamp="20171101100702143" acct="16100560"/>
  <service prod="BPM" name="ProcessCreate" srvver="" ip="192.168.10.8" id=""/>
  <datakey type="FOM">
    <key name="EntId">9</key>
    <key name="CompanyId">SX01</key>
    <key name="RefId">CN</key>
    <key name="DocProp">apmt400</key>
    <key name="Prog">apmt400</key>
    <key name="FormId">PM81</key>
    <key name="SheetNo">001-PM81-171100001</key>
    <key name="PK3"></key>
    <key name="DocKey">pmdaent=9{+}pmdadocno=001-PM81-171100001</key>
  </datakey>
  <payload>
    <param key="data" type="XML">
      <![CDATA[
<Request>
  <RequestContent>
    <Parameter>
      <Record>
        <Field name="workItem" value=""/>
        <Field name="ori_processSN" value=""/>
        <Field name="flow_processId" value="ALL_apmt400_PM81"/>
        <Field name="subject" value=""/>
        <Field name="importance" value="0"/>
        <Field name="EFLoginID" value="16100560"/>
        <Field name="OrgUnitID" value="B021601"/>
        <Field name="formOwnerID" value="16100560"/>
        <Field name="formOwnerDP" value="C02"/>
        <Field name="formCreatorID" value="16100560"/>
        <Field name="formCreatorDP" value="C02"/>
        <Field name="prog_url" value="http://192.168.10.7/wtopprd/wa/r/app/gwc_apmt400?Arg=T100Trust&amp;Arg=SSOKey&amp;Arg=001-PM81-171100001"/>
        <Field name="att_url" value="http://192.168.10.7/wtopprd/wa/r/app/gwc_awsp001?Arg=T100Trust&amp;Arg=SSOKey"/>
      </Record>
    </Parameter>
    <Document>
      <RecordSet id="1">
        <Master name="1" node_id="1">
          <Record>
            <Field name="pmdadocno" value="001-PM81-171100001"/>
            <Field name="pmda001" value="0"/>
            <Field name="pmdadocno_desc" value="请购单(OA送签)"/>
            <Field name="pmdadocdt" value="2017-11-01"/>
            <Field name="pmda002" value="16100560"/>
            <Field name="pmda002_desc" value="王倩"/>
            <Field name="pmda003" value="C02"/>
            <Field name="pmda003_desc" value="营运中心"/>
            <Field name="pmda010" value=""/>
            <Field name="pmda011" value=""/>
            <Field name="pmda012" value="N"/>
            <Field name="pmda005" value=""/>
            <Field name="pmda005_desc" value=""/>
            <Field name="ooan005" value=""/>
            <Field name="pmda007" value="B021601"/>
            <Field name="pmda007_desc" value="南京生计部"/>
            <Field name="pmda021" value=""/>
            <Field name="pmda021_desc" value=""/>
            <Field name="pmda022" value=""/>
            <Detail name="s_detail1" node_id="1_1">
              <Record>
                <Field name="pmdbsite" value="SX01"/>
                <Field name="pmdbseq" value="1"/>
                <Field name="pmdborga" value="C02"/>
                <Field name="pmdb001" value=""/>
                <Field name="pmdb002" value=""/>
                <Field name="pmdb003" value=""/>
                <Field name="pmdb004" value="DDJ30100000029"/>
                <Field name="pmdb004_desc" value="型材类-地脚螺栓"/>
                <Field name="imaal004" value="00-00-00 地脚螺栓模板 (预埋件)"/>
                <Field name="pmdb007" value="PCS"/>
                <Field name="pmdb007_desc" value="PCS"/>
                <Field name="pmdb006" value="4.000"/>
                <Field name="pmdb033" value="1:一般"/>
              </Record>
              <Record>
                <Field name="pmdbsite" value="SX01"/>
                <Field name="pmdbseq" value="2"/>
                <Field name="pmdborga" value="C02"/>
                <Field name="pmdb001" value=""/>
                <Field name="pmdb002" value=""/>
                <Field name="pmdb003" value=""/>
                <Field name="pmdb004" value="DDJ30100000001"/>
                <Field name="pmdb004_desc" value="型材类-地脚螺栓"/>
                <Field name="imaal004" value="24-Q235-00"/>
                <Field name="pmdb007" value="PCS"/>
                <Field name="pmdb007_desc" value="PCS"/>
                <Field name="pmdb006" value="200.000"/>
                <Field name="pmdb033" value="1:一般"/>
              </Record>
              <Record>
                <Field name="pmdbsite" value="SX01"/>
                <Field name="pmdbseq" value="3"/>
                <Field name="pmdborga" value="C02"/>
                <Field name="pmdb001" value=""/>
                <Field name="pmdb002" value=""/>
                <Field name="pmdb003" value=""/>
                <Field name="pmdb004" value="DDJ30100000042"/>
                <Field name="pmdb004_desc" value="型材类-地脚螺栓"/>
                <Field name="imaal004" value="00-00-00 地脚螺栓预埋垫片"/>
                <Field name="pmdb007" value="PCS"/>
                <Field name="pmdb007_desc" value="PCS"/>
                <Field name="pmdb006" value="200.000"/>
                <Field name="pmdb033" value="1:一般"/>
              </Record>
            </Detail>
            <Detail name="s_detail2" node_id="1_2">
              <Record>
                <Field name="pmdbseq" value="1"/>
                <Field name="imaal001" value="DDJ30100000029"/>
                <Field name="imaal003" value="型材类-地脚螺栓"/>
                <Field name="imaal004" value="00-00-00 地脚螺栓模板 (预埋件)"/>
                <Field name="pmdb020" value="0.00"/>
                <Field name="pmdb021" value="0.00"/>
                <Field name="pmdb046" value="B021601"/>
                <Field name="pmdb046_desc" value="南京生计部"/>
              </Record>
              <Record>
                <Field name="pmdbseq" value="2"/>
                <Field name="imaal001" value="DDJ30100000001"/>
                <Field name="imaal003" value="型材类-地脚螺栓"/>
                <Field name="imaal004" value="24-Q235-00"/>
                <Field name="pmdb020" value="0.00"/>
                <Field name="pmdb021" value="0.00"/>
                <Field name="pmdb046" value="B021601"/>
                <Field name="pmdb046_desc" value="南京生计部"/>
              </Record>
              <Record>
                <Field name="pmdbseq" value="3"/>
                <Field name="imaal001" value="DDJ30100000042"/>
                <Field name="imaal003" value="型材类-地脚螺栓"/>
                <Field name="imaal004" value="00-00-00 地脚螺栓预埋垫片"/>
                <Field name="pmdb020" value="0.00"/>
                <Field name="pmdb021" value="0.00"/>
                <Field name="pmdb046" value="B021601"/>
                <Field name="pmdb046_desc" value="南京生计部"/>
              </Record>
            </Detail>
            <Memo/>
            <Attachment count="0" download="Y"/>
          </Record>
        </Master>
      </RecordSet>
    </Document>
  </RequestContent>
</Request>
]]>
    </param>
  </payload>
</request>


Response XML:

 <response>
  <srvver>1.0</srvver>
  <srvcode>000</srvcode>
  <payload>
   <param key="data" type="XML"><![CDATA[
 <Response>
  <Execution>
   <Status code="0" sqlcode="0" description="NO ERROR"/>
  </Execution>
  <ResponseContent>
   <Parameter>
    <Record>
     <Field name="work_processSN" processId="" value=""/>
     <Field name="flow_processSN" processId="ALL_apmt400_PM81" value="ALL_apmt400_PM8100002026"/>
     <Field name="status" value="W"/>
    </Record>
   </Parameter>
  </ResponseContent>
 </Response>
]]></param>
  </payload>
 </response>

#------------------------------------------------------------------------------#
#--------------------------- (2017-11-01 10:28:03) ------------------------#

Begin Time at 10:27:59.886

 end at 10:28:03.139

time-consuming:  request:   0.195 BPM response:   0:00:03.253   apmt500   002-PMB0-171100001
Program: apmt500

Code: apmt500

Request XML:

<request type="sync" key="9f6857dd6671621a407728d47db6f3b4">
  <host prod="T100" ver="1.0" ip="192.168.10.7" id="topprd" lang="zh_CN" timezone="+8" timestamp="20171101102759213" acct="17040655"/>
  <service prod="BPM" name="ProcessCreate" srvver="" ip="192.168.10.8" id=""/>
  <datakey type="FOM">
    <key name="EntId">9</key>
    <key name="CompanyId">SX02</key>
    <key name="RefId">CN</key>
    <key name="DocProp">apmt500</key>
    <key name="Prog">apmt500</key>
    <key name="FormId">PMB0</key>
    <key name="SheetNo">002-PMB0-171100001</key>
    <key name="PK3"></key>
    <key name="DocKey">pmdlent=9{+}pmdldocno=002-PMB0-171100001</key>
  </datakey>
  <payload>
    <param key="data" type="XML">
      <![CDATA[
<Request>
  <RequestContent>
    <Parameter>
      <Record>
        <Field name="workItem" value=""/>
        <Field name="ori_processSN" value=""/>
        <Field name="flow_processId" value="ALL_apmt500_PMB0"/>
        <Field name="subject" value=""/>
        <Field name="importance" value="0"/>
        <Field name="EFLoginID" value="17040655"/>
        <Field name="OrgUnitID" value="D2116"/>
        <Field name="formOwnerID" value="17040655"/>
        <Field name="formOwnerDP" value="D2116"/>
        <Field name="formCreatorID" value="17040655"/>
        <Field name="formCreatorDP" value="D2116"/>
        <Field name="prog_url" value="http://192.168.10.7/wtopprd/wa/r/app/gwc_apmt500?Arg=T100Trust&amp;Arg=SSOKey&amp;Arg=002-PMB0-171100001"/>
        <Field name="att_url" value="http://192.168.10.7/wtopprd/wa/r/app/gwc_awsp001?Arg=T100Trust&amp;Arg=SSOKey"/>
      </Record>
    </Parameter>
    <Document>
      <RecordSet id="1">
        <Master name="1" node_id="1">
          <Record>
            <Field name="pmdlcomp" value="SX02"/>
            <Field name="pmdlcomp_desc" value="福建士兴"/>
            <Field name="pmdldocno" value="002-PMB0-171100001"/>
            <Field name="pmdl001" value="0"/>
            <Field name="pmdldocno_desc" value="OA送签采购单"/>
            <Field name="pmdldocdt" value="2017-11-01"/>
            <Field name="pmdl004" value="G000059"/>
            <Field name="pmdl004_desc" value="凯科广贸"/>
            <Field name="pmdl002" value="17040655"/>
            <Field name="pmdl002_desc" value="王朝艳"/>
            <Field name="pmdl003" value="D2116"/>
            <Field name="pmdl003_desc" value="成都公司-生计部"/>
            <Field name="pmdlsite" value="SX02"/>
            <Field name="pmdl005" value="1:一般采购"/>
            <Field name="pmdl006" value="1:一般交易"/>
            <Field name="pmdl007" value="1:无"/>
            <Field name="pmdl008" value=""/>
            <Field name="pmdl027" value=""/>
            <Field name="pmdl027_desc" value=""/>
            <Field name="pmdl052" value=""/>
            <Field name="pmdl052_desc" value=""/>
            <Field name="pmdl053" value=""/>
            <Field name="pmdl009" value="20010"/>
            <Field name="pmdl009_desc" value="现金交易"/>
            <Field name="pmdl010" value="CFR"/>
            <Field name="pmdl010_desc" value="成本+运费"/>
            <Field name="pmdl011" value="004"/>
            <Field name="pmdl011_desc" value="增值税17含税"/>
            <Field name="pmdl012" value="17.00%"/>
            <Field name="pmdl013" value="Y"/>
            <Field name="pmdl033" value="03"/>
            <Field name="pmdl033_desc" value="大陸用-一般纳税人增值税专用发票(3联)"/>
            <Field name="pmdl015" value="CNY"/>
            <Field name="pmdl015_desc" value="人民币"/>
            <Field name="pmdl016" value="1.000000"/>
            <Field name="pmdl017" value="SX01"/>
            <Field name="pmdl017_desc" value="采购核价"/>
            <Field name="pmdl018" value=""/>
            <Field name="pmdl018_desc" value=""/>
            <Field name="pmdl023" value="11"/>
            <Field name="pmdl023_desc" value=""/>
            <Field name="pmdl044" value=""/>
            <Field name="pmdl051" value=""/>
            <Field name="pmdl051_desc" value=""/>
            <Field name="pmdl020" value=""/>
            <Field name="pmdl020_desc" value=""/>
            <Field name="pmdl025" value=""/>
            <Field name="pmdl025_desc" value=""/>
            <Field name="oofb017" value=""/>
            <Field name="pmdl026" value=""/>
            <Field name="pmdl026_desc" value=""/>
            <Field name="oofb017_1" value=""/>
            <Field name="pmdl029" value=""/>
            <Field name="pmdl029_desc" value=""/>
            <Field name="pmdl021" value="G000059"/>
            <Field name="pmdl021_desc" value="凯科广贸"/>
            <Field name="pmdl022" value="G000059"/>
            <Field name="pmdl022_desc" value="凯科广贸"/>
            <Field name="pmdl032" value=""/>
            <Field name="pmdl032_desc" value=""/>
            <Field name="pmdl024" value="001"/>
            <Field name="pmdl024_desc" value="国内采购"/>
            <Field name="pmdl054" value="1:内购"/>
            <Field name="pmdl055" value="1:依采购日汇率"/>
            <Field name="pmdl030" value="N"/>
            <Field name="pmdl031" value=""/>
            <Field name="pmdl028" value=""/>
            <Field name="pmdl042" value="646.58"/>
            <Field name="pmdl047" value="N"/>
            <Field name="pmdl048" value="N"/>
            <Field name="pmdl049" value="N"/>
            <Field name="pmdl046" value="1:不开立发票"/>
            <Field name="pmdl040" value="3,803.43"/>
            <Field name="pmdl041" value="4,450.01"/>
            <Field name="pmdlownid" value="17040655"/>
            <Field name="pmdlownid_desc" value="王朝艳"/>
            <Field name="pmdlowndp" value="D2116"/>
            <Field name="pmdlowndp_desc" value="成都公司-生计部"/>
            <Field name="pmdlcrtid" value="17040655"/>
            <Field name="pmdlcrtid_desc" value="王朝艳"/>
            <Field name="pmdlcrtdp" value="D2116"/>
            <Field name="pmdlcrtdp_desc" value="成都公司-生计部"/>
            <Field name="pmdlcrtdt" value="2017-11-01 10:23:02"/>
            <Field name="pmdlmodid" value="17040655"/>
            <Field name="pmdlmodid_desc" value="王朝艳"/>
            <Field name="pmdlmoddt" value="2017-11-01 10:27:09"/>
            <Field name="pmdlcnfid" value=""/>
            <Field name="pmdlcnfid_desc" value=""/>
            <Field name="pmdlcnfdt" value=""/>
            <Detail name="s_detail1" node_id="1_1">
              <Record>
                <Field name="pmdnsite" value="SX02"/>
                <Field name="pmdnseq" value="1"/>
                <Field name="pmdnorga" value="D21"/>
                <Field name="pmdnorga_desc" value="成都公司"/>
                <Field name="pmdn001" value="DJG10100000083"/>
                <Field name="pmdn001_desc" value="型材类-角钢"/>
                <Field name="imaal004" value="4.0-Q235-00 L50*50"/>
                <Field name="pmdn002" value="00000"/>
                <Field name="pmdn002_desc" value="00000"/>
                <Field name="pmdn004" value=""/>
                <Field name="pmdn004_desc" value=""/>
                <Field name="pmdn005" value=""/>
                <Field name="pmdn006" value="KG"/>
                <Field name="pmdn006_desc" value="公斤"/>
                <Field name="pmdn007" value="642.600"/>
                <Field name="pmdn008" value="PCS"/>
                <Field name="pmdn008_desc" value="PCS"/>
                <Field name="pmdn009" value="642.600"/>
                <Field name="pmdn024" value="N"/>
                <Field name="pmdn012" value="2016-11-15"/>
                <Field name="pmdn013" value="2016-11-15"/>
                <Field name="pmdn014" value="2016-11-15"/>
                <Field name="pmdn045" value="1:一般"/>
                <Field name="pmdn010" value="KG"/>
                <Field name="pmdn010_desc" value="公斤"/>
                <Field name="pmdn011" value="642.600"/>
                <Field name="pmdn015" value="6.9250"/>
                <Field name="pmdn016" value="004"/>
                <Field name="pmdn016_desc" value="增值税17含税"/>
                <Field name="pmdn017" value="17.00%"/>
                <Field name="pmdn046" value="3,803.43"/>
                <Field name="pmdn047" value="4,450.01"/>
                <Field name="pmdn048" value="646.58"/>
                <Field name="pmdn023" value="G000059"/>
                <Field name="pmdn023_desc" value="凯科广贸"/>
                <Field name="pmdn019" value="1:一般"/>
                <Field name="pmdn020" value="3:特急"/>
                <Field name="pmdn052" value="N"/>
                <Field name="pmdn021" value="N"/>
                <Field name="pmdn022" value="Y"/>
                <Field name="pmdnunit" value="SX02"/>
                <Field name="pmdnunit_desc" value="福建士兴"/>
                <Field name="pmdn049" value=""/>
                <Field name="pmdn049_desc" value=""/>
                <Field name="pmdn051" value=""/>
                <Field name="pmdn051_desc" value=""/>
                <Field name="pmdn054" value="0.000"/>
                <Field name="pmdn055" value="0.000"/>
                <Field name="pmdn056" value="0.000"/>
                <Field name="pmdn057" value="0.000"/>
                <Field name="pmdn050" value=""/>
                <Field name="pmdncomp" value="SX02"/>
              </Record>
            </Detail>
            <Detail name="s_detail2" node_id="1_2">
              <Record>
                <Field name="pmdnseq" value="1"/>
                <Field name="imaa001" value="DJG10100000083"/>
                <Field name="imaal004" value="4.0-Q235-00 L50*50"/>
                <Field name="imaa005_1_desc" value="00000"/>
                <Field name="pmdn027" value=""/>
                <Field name="l_pmao009" value=""/>
                <Field name="l_pmao010" value=""/>
                <Field name="pmdn028" value="02D21-GD"/>
                <Field name="pmdn028_desc" value="福建-成都-工地仓"/>
                <Field name="pmdn029" value=""/>
                <Field name="pmdn029_desc" value=""/>
                <Field name="pmdn030" value=""/>
                <Field name="pmdn053" value="02-D21-2016016"/>
                <Field name="pmdn025" value=""/>
                <Field name="pmdn025_desc" value=""/>
                <Field name="pmdn026" value=""/>
                <Field name="pmdn026_desc" value=""/>
                <Field name="pmdn031" value=""/>
                <Field name="pmdn031_desc" value=""/>
                <Field name="pmdn032" value="1:供应商运送"/>
                <Field name="pmdn033" value="0.00%"/>
                <Field name="pmdn003" value=""/>
                <Field name="pmdn003_desc" value=""/>
                <Field name="pmdn036" value="02-D21-2016016"/>
                <Field name="pmdn036_desc" value="普洛斯江北长芦物流项目"/>
                <Field name="pmdn037" value=""/>
                <Field name="pmdn037_desc" value=""/>
                <Field name="pmdn038" value=""/>
                <Field name="pmdn038_desc" value=""/>
                <Field name="pmdn058" value=""/>
                <Field name="pmdn058_desc" value=""/>
                <Field name="pmdn039" value=""/>
                <Field name="pmdn035" value="1:核准价"/>
                <Field name="pmdn040" value="X"/>
                <Field name="pmdn041" value=""/>
                <Field name="pmdn042" value=""/>
                <Field name="pmdn043" value="0.0000"/>
                <Field name="pmdn044" value="0.00%"/>
              </Record>
            </Detail>
            <Detail name="s_detail3" node_id="1_3">
              <Record>
                <Field name="pmdosite" value="SX02"/>
                <Field name="pmdoseq" value="1"/>
                <Field name="pmdoseq1" value="1"/>
                <Field name="pmdo003" value="1:一般"/>
                <Field name="pmdo001" value="DJG10100000083"/>
                <Field name="pmdo001_desc" value="型材类-角钢"/>
                <Field name="imaal004" value="4.0-Q235-00 L50*50"/>
                <Field name="pmdo002" value="00000"/>
                <Field name="pmdo004" value="KG"/>
                <Field name="pmdo004_desc" value="公斤"/>
                <Field name="pmdo005" value="642.600"/>
                <Field name="pmdoseq2" value="1"/>
                <Field name="pmdo006" value="642.600"/>
                <Field name="pmdo028" value="PCS"/>
                <Field name="pmdo028_desc" value="PCS"/>
                <Field name="pmdo029" value="642.600"/>
                <Field name="pmdo011" value="2016-11-15"/>
                <Field name="pmdo012" value="2016-11-15"/>
                <Field name="pmdo013" value="2016-11-15"/>
                <Field name="pmdo010" value=""/>
                <Field name="pmdo010_desc" value=""/>
                <Field name="pmdo014" value="N"/>
                <Field name="pmdo009" value="1:约定交期"/>
                <Field name="pmdo015" value="0.000"/>
                <Field name="pmdo016" value="0.000"/>
                <Field name="pmdo017" value="0.000"/>
                <Field name="pmdo040" value="0.000"/>
                <Field name="pmdo019" value="0.000"/>
                <Field name="pmdo020" value="0.000"/>
                <Field name="pmdo021" value="2:准时交货"/>
                <Field name="pmdo030" value="KG"/>
                <Field name="pmdo030_desc" value="公斤"/>
                <Field name="pmdo031" value="642.600"/>
                <Field name="pmdo022" value="6.9250"/>
                <Field name="pmdo023" value="004"/>
                <Field name="pmdo023_desc" value="增值税17含税"/>
                <Field name="pmdo024" value="17.00%"/>
                <Field name="pmdo032" value="3,803.43"/>
                <Field name="pmdo033" value="4,450.01"/>
                <Field name="pmdo034" value="646.58"/>
                <Field name="pmdo025" value=""/>
                <Field name="pmdo026" value="17040655"/>
                <Field name="pmdo026_desc" value="王朝艳"/>
                <Field name="pmdo027" value="2017-11-01 00:00:00"/>
                <Field name="pmdo041" value="0.000"/>
                <Field name="pmdo042" value="0.000"/>
                <Field name="pmdo043" value="0.000"/>
                <Field name="pmdo044" value="0.000"/>
              </Record>
            </Detail>
            <Detail name="s_detail4" node_id="1_4">
              <Record>
                <Field name="pmdpsite" value="SX02"/>
                <Field name="pmdpseq" value="1"/>
                <Field name="pmdpseq1" value="1"/>
                <Field name="pmdp001" value="DJG10100000083"/>
                <Field name="pmdp001_desc" value="型材类-角钢"/>
                <Field name="imaal004" value="4.0-Q235-00 L50*50"/>
                <Field name="pmdp002" value="00000"/>
                <Field name="pmdp003" value="002-PM82-171100001"/>
                <Field name="pmdp004" value="1"/>
                <Field name="pmdp005" value=""/>
                <Field name="pmdp006" value=""/>
                <Field name="pmdp007" value="DJG10100000083"/>
                <Field name="pmdp008" value=""/>
                <Field name="pmdp009" value=""/>
                <Field name="pmdp010" value=""/>
                <Field name="pmdp011" value=""/>
                <Field name="pmdp012" value=""/>
                <Field name="pmdp021" value="1"/>
                <Field name="pmdp022" value="KG"/>
                <Field name="pmdp022_desc" value="公斤"/>
                <Field name="pmdp023" value="642.600"/>
                <Field name="pmdp024" value="642.600"/>
                <Field name="pmdp025" value="0.000"/>
                <Field name="pmdp026" value="0.000"/>
                <Field name="pmdb006" value="642.600"/>
                <Field name="pmdb049" value="642.600"/>
              </Record>
            </Detail>
            <Detail name="s_detail6" node_id="1_5"/>
            <Memo/>
            <Attachment count="1" download="Y">
              <Document type="1" desc="" url="aHR0cDovLzE5Mi4xNjguMTAuNy90b3BwcmQvb3V0LyVFOSU4NyU4NyVFOCVCNCVBRCVFNiVBMCVCOCVFNCVCQiVCNyVFNSU4RCU5NS0lRTUlOEQlOTclRTQlQkElQUMlRTYlQjElOUYlRTUlOEMlOTctJUU5JTk1JTgwJUU5JTk0JThDJUU4JUE3JTkyJUU5JTkyJUEyLSVFNSU4RCU5NyVFNCVCQSVBQyVFNSU4NyVBRiVFNyVBNyU5MS0xNy4xMC4zMS5wZGY=" key="9|[{&quot;column&quot;:&quot;pmdldocno&quot;,&quot;values&quot;:&quot;002-PMB0-171100001&quot;}]|1|1" filename="采购核价单-南京江北-镀锌角钢-南京凯科-17.10.31.pdf" owner="17040655" creator="17040655" size="184729"/>
            </Attachment>
          </Record>
        </Master>
      </RecordSet>
    </Document>
  </RequestContent>
</Request>
]]>
    </param>
  </payload>
</request>


Response XML:

 <response>
  <srvver>1.0</srvver>
  <srvcode>000</srvcode>
  <payload>
   <param key="data" type="XML"><![CDATA[
 <Response>
  <Execution>
   <Status code="0" sqlcode="0" description="NO ERROR"/>
  </Execution>
  <ResponseContent>
   <Parameter>
    <Record>
     <Field name="work_processSN" processId="" value=""/>
     <Field name="flow_processSN" processId="ALL_apmt500_PMB0" value="ALL_apmt500_PMB000002635"/>
     <Field name="status" value="W"/>
    </Record>
   </Parameter>
  </ResponseContent>
 </Response>
]]></param>
  </payload>
 </response>

#------------------------------------------------------------------------------#
